Using pre-set license
Built from '2020.3/staging' branch; Version is '2020.3.11f1 (99c7afb366b3) revision 10078127'; Using compiler version '192528614'; Build Type 'Release'
OS: 'Windows 10 Pro; OS build 19042.985; Version 2009; 64bit' Language: 'en' Physical Memory: 32694 MB
BatchMode: 1, IsHumanControllingUs: 0, StartBugReporterOnCrash: 0, Is64bit: 1, IsPro: 0

 COMMAND LINE ARGUMENTS:
C:\Program Files\Unity\Hub\Editor\2020.3.11f1\Editor\Unity.exe
-adb2
-batchMode
-noUpm
-name
AssetImportWorker0
-projectPath
C:/Users/pigi/Space Shooter 2D
-logFile
Logs/AssetImportWorker0.log
-srvPort
49309
Successfully changed project path to: C:/Users/pigi/Space Shooter 2D
C:/Users/pigi/Space Shooter 2D
Using Asset Import Pipeline V2.
Refreshing native plugins compatible for Editor in 35.29 ms, found 3 plugins.
Preloading 0 native plugins for Editor in 0.00 ms.
Initialize engine version: 2020.3.11f1 (99c7afb366b3)
[Subsystems] Discovering subsystems at path C:/Program Files/Unity/Hub/Editor/2020.3.11f1/Editor/Data/Resources/UnitySubsystems
[Subsystems] Discovering subsystems at path C:/Users/pigi/Space Shooter 2D/Assets
GfxDevice: creating device client; threaded=0
Direct3D:
    Version:  Direct3D 11.0 [level 11.1]
    Renderer: NVIDIA GeForce RTX 3070 (ID=0x2484)
    Vendor:   
    VRAM:     8043 MB
    Driver:   27.21.14.6627
Initialize mono
Mono path[0] = 'C:/Program Files/Unity/Hub/Editor/2020.3.11f1/Editor/Data/Managed'
Mono path[1] = 'C:/Program Files/Unity/Hub/Editor/2020.3.11f1/Editor/Data/MonoBleedingEdge/lib/mono/unityjit'
Mono config path = 'C:/Program Files/Unity/Hub/Editor/2020.3.11f1/Editor/Data/MonoBleedingEdge/etc'
Using monoOptions --debugger-agent=transport=dt_socket,embedding=1,server=y,suspend=n,address=127.0.0.1:56012
Begin MonoManager ReloadAssembly
Registering precompiled unity dll's ...
Register platform support module: C:/Program Files/Unity/Hub/Editor/2020.3.11f1/Editor/Data/PlaybackEngines/WindowsStandaloneSupport/UnityEditor.WindowsStandalone.Extensions.dll
Registered in 0.001649 seconds.
Native extension for WindowsStandalone target not found
Refreshing native plugins compatible for Editor in 35.24 ms, found 3 plugins.
Preloading 0 native plugins for Editor in 0.00 ms.
Mono: successfully reloaded assembly
- Completed reload, in  1.457 seconds
Platform modules already initialized, skipping
Registering precompiled user dll's ...
Registered in 0.003034 seconds.
Begin MonoManager ReloadAssembly
Native extension for WindowsStandalone target not found
Refreshing native plugins compatible for Editor in 42.38 ms, found 3 plugins.
Preloading 0 native plugins for Editor in 0.00 ms.
Mono: successfully reloaded assembly
- Completed reload, in  0.886 seconds
Platform modules already initialized, skipping
========================================================================
Worker process is ready to serve import requests
Launched and connected shader compiler UnityShaderCompiler.exe after 0.04 seconds
Refreshing native plugins compatible for Editor in 0.42 ms, found 3 plugins.
Preloading 0 native plugins for Editor in 0.00 ms.
Unloading 2081 Unused Serialized files (Serialized files now loaded: 0)
System memory in use before: 92.9 MB.
System memory in use after: 92.8 MB.

Unloading 33 unused Assets to reduce memory usage. Loaded Objects now: 2514.
Total: 1.913200 ms (FindLiveObjects: 0.199300 ms CreateObjectMapping: 0.047400 ms MarkObjects: 1.554200 ms  DeleteObjects: 0.111300 ms)

========================================================================
Received Import Request.
  path: Assets/Scripts/CameraController.cs
  artifactKey: Guid(c998d007c1de31c4f9b10508ea1fc7fa) Importer(815301076,1909f56bfc062723c751e8b465ee728b)
Start importing Assets/Scripts/CameraController.cs using Guid(c998d007c1de31c4f9b10508ea1fc7fa) Importer(815301076,1909f56bfc062723c751e8b465ee728b)  -> (artifact id: 'c86e5c4c1417e75071ce319083a1f9a9') in 0.019234 seconds
  Import took 0.022220 seconds .

========================================================================
Received Prepare
Registering precompiled user dll's ...
Registered in 0.003056 seconds.
Begin MonoManager ReloadAssembly
Native extension for WindowsStandalone target not found
Refreshing native plugins compatible for Editor in 0.42 ms, found 3 plugins.
Preloading 0 native plugins for Editor in 0.00 ms.
Mono: successfully reloaded assembly
- Completed reload, in  0.769 seconds
Platform modules already initialized, skipping
Refreshing native plugins compatible for Editor in 0.43 ms, found 3 plugins.
Preloading 0 native plugins for Editor in 0.00 ms.
Unloading 2076 Unused Serialized files (Serialized files now loaded: 0)
System memory in use before: 92.8 MB.
System memory in use after: 92.8 MB.

Unloading 21 unused Assets to reduce memory usage. Loaded Objects now: 2518.
Total: 2.269500 ms (FindLiveObjects: 0.174700 ms CreateObjectMapping: 0.046900 ms MarkObjects: 1.941600 ms  DeleteObjects: 0.104800 ms)

========================================================================
Received Prepare
Registering precompiled user dll's ...
Registered in 0.003086 seconds.
Begin MonoManager ReloadAssembly
Native extension for WindowsStandalone target not found
Refreshing native plugins compatible for Editor in 0.44 ms, found 3 plugins.
Preloading 0 native plugins for Editor in 0.00 ms.
Mono: successfully reloaded assembly
- Completed reload, in  0.773 seconds
Platform modules already initialized, skipping
Refreshing native plugins compatible for Editor in 0.45 ms, found 3 plugins.
Preloading 0 native plugins for Editor in 0.00 ms.
Unloading 2076 Unused Serialized files (Serialized files now loaded: 0)
System memory in use before: 92.9 MB.
System memory in use after: 92.8 MB.

Unloading 21 unused Assets to reduce memory usage. Loaded Objects now: 2522.
Total: 1.911300 ms (FindLiveObjects: 0.204600 ms CreateObjectMapping: 0.047100 ms MarkObjects: 1.561900 ms  DeleteObjects: 0.096600 ms)

========================================================================
Received Import Request.
  Time since last request: 129.542268 seconds.
  path: Assets/Scripts/PlayerController.cs
  artifactKey: Guid(26643d3039d4e3444adfb19a98d620e8) Importer(815301076,1909f56bfc062723c751e8b465ee728b)
Start importing Assets/Scripts/PlayerController.cs using Guid(26643d3039d4e3444adfb19a98d620e8) Importer(815301076,1909f56bfc062723c751e8b465ee728b)  -> (artifact id: 'dc0849993dfc7a204c4b2d9b11479022') in 0.008137 seconds
  Import took 0.011841 seconds .

========================================================================
Received Prepare
Registering precompiled user dll's ...
Registered in 0.002983 seconds.
Begin MonoManager ReloadAssembly
Native extension for WindowsStandalone target not found
Refreshing native plugins compatible for Editor in 0.44 ms, found 3 plugins.
Preloading 0 native plugins for Editor in 0.00 ms.
Mono: successfully reloaded assembly
- Completed reload, in  0.791 seconds
Platform modules already initialized, skipping
Refreshing native plugins compatible for Editor in 0.42 ms, found 3 plugins.
Preloading 0 native plugins for Editor in 0.00 ms.
Unloading 2077 Unused Serialized files (Serialized files now loaded: 0)
System memory in use before: 92.9 MB.
System memory in use after: 92.9 MB.

Unloading 21 unused Assets to reduce memory usage. Loaded Objects now: 2527.
Total: 2.211800 ms (FindLiveObjects: 0.192700 ms CreateObjectMapping: 0.053900 ms MarkObjects: 1.861100 ms  DeleteObjects: 0.103000 ms)

========================================================================
Received Prepare
Registering precompiled user dll's ...
Registered in 0.003022 seconds.
Begin MonoManager ReloadAssembly
Native extension for WindowsStandalone target not found
Refreshing native plugins compatible for Editor in 0.42 ms, found 3 plugins.
Preloading 0 native plugins for Editor in 0.00 ms.
Mono: successfully reloaded assembly
- Completed reload, in  0.764 seconds
Platform modules already initialized, skipping
Refreshing native plugins compatible for Editor in 0.44 ms, found 3 plugins.
Preloading 0 native plugins for Editor in 0.00 ms.
Unloading 2077 Unused Serialized files (Serialized files now loaded: 0)
System memory in use before: 92.9 MB.
System memory in use after: 92.9 MB.

Unloading 21 unused Assets to reduce memory usage. Loaded Objects now: 2531.
Total: 1.823300 ms (FindLiveObjects: 0.173500 ms CreateObjectMapping: 0.045300 ms MarkObjects: 1.507100 ms  DeleteObjects: 0.096700 ms)

========================================================================
Received Prepare
Registering precompiled user dll's ...
Registered in 0.003022 seconds.
Begin MonoManager ReloadAssembly
Native extension for WindowsStandalone target not found
Refreshing native plugins compatible for Editor in 0.44 ms, found 3 plugins.
Preloading 0 native plugins for Editor in 0.00 ms.
Mono: successfully reloaded assembly
- Completed reload, in  0.770 seconds
Platform modules already initialized, skipping
Refreshing native plugins compatible for Editor in 0.43 ms, found 3 plugins.
Preloading 0 native plugins for Editor in 0.00 ms.
Unloading 2077 Unused Serialized files (Serialized files now loaded: 0)
System memory in use before: 92.9 MB.
System memory in use after: 92.9 MB.

Unloading 21 unused Assets to reduce memory usage. Loaded Objects now: 2535.
Total: 1.816400 ms (FindLiveObjects: 0.175100 ms CreateObjectMapping: 0.044900 ms MarkObjects: 1.504400 ms  DeleteObjects: 0.091200 ms)

========================================================================
Received Prepare
Registering precompiled user dll's ...
Registered in 0.002925 seconds.
Begin MonoManager ReloadAssembly
Native extension for WindowsStandalone target not found
Refreshing native plugins compatible for Editor in 0.42 ms, found 3 plugins.
Preloading 0 native plugins for Editor in 0.00 ms.
Mono: successfully reloaded assembly
- Completed reload, in  0.746 seconds
Platform modules already initialized, skipping
Refreshing native plugins compatible for Editor in 0.41 ms, found 3 plugins.
Preloading 0 native plugins for Editor in 0.00 ms.
Unloading 2077 Unused Serialized files (Serialized files now loaded: 0)
System memory in use before: 92.9 MB.
System memory in use after: 92.9 MB.

Unloading 21 unused Assets to reduce memory usage. Loaded Objects now: 2539.
Total: 1.847700 ms (FindLiveObjects: 0.180500 ms CreateObjectMapping: 0.046500 ms MarkObjects: 1.515000 ms  DeleteObjects: 0.104700 ms)

========================================================================
Received Import Request.
  Time since last request: 792.580039 seconds.
  path: Assets/Scripts/PlayerController.cs
  artifactKey: Guid(26643d3039d4e3444adfb19a98d620e8) Importer(815301076,1909f56bfc062723c751e8b465ee728b)
Start importing Assets/Scripts/PlayerController.cs using Guid(26643d3039d4e3444adfb19a98d620e8) Importer(815301076,1909f56bfc062723c751e8b465ee728b)  -> (artifact id: '19dbefe1b76bed8d383e0b68f12a698f') in 0.004535 seconds
  Import took 0.007735 seconds .

========================================================================
Received Import Request.
  Time since last request: 0.000831 seconds.
  path: Assets/Scripts/PlayerController.cs
  artifactKey: Guid(26643d3039d4e3444adfb19a98d620e8) Importer(815301076,1909f56bfc062723c751e8b465ee728b)
Start importing Assets/Scripts/PlayerController.cs using Guid(26643d3039d4e3444adfb19a98d620e8) Importer(815301076,1909f56bfc062723c751e8b465ee728b)  -> (artifact id: '19dbefe1b76bed8d383e0b68f12a698f') in 0.001639 seconds
  Import took 0.004207 seconds .

========================================================================
Received Prepare
Registering precompiled user dll's ...
Registered in 0.003086 seconds.
Begin MonoManager ReloadAssembly
Native extension for WindowsStandalone target not found
Refreshing native plugins compatible for Editor in 0.45 ms, found 3 plugins.
Preloading 0 native plugins for Editor in 0.00 ms.
Mono: successfully reloaded assembly
- Completed reload, in  0.774 seconds
Platform modules already initialized, skipping
Refreshing native plugins compatible for Editor in 0.44 ms, found 3 plugins.
Preloading 0 native plugins for Editor in 0.00 ms.
Unloading 2077 Unused Serialized files (Serialized files now loaded: 0)
System memory in use before: 92.9 MB.
System memory in use after: 92.9 MB.

Unloading 21 unused Assets to reduce memory usage. Loaded Objects now: 2543.
Total: 1.868300 ms (FindLiveObjects: 0.188200 ms CreateObjectMapping: 0.047300 ms MarkObjects: 1.531700 ms  DeleteObjects: 0.100300 ms)

========================================================================
Received Import Request.
  Time since last request: 95.679304 seconds.
  path: Assets/Scripts/PlayerController.cs
  artifactKey: Guid(26643d3039d4e3444adfb19a98d620e8) Importer(815301076,1909f56bfc062723c751e8b465ee728b)
Start importing Assets/Scripts/PlayerController.cs using Guid(26643d3039d4e3444adfb19a98d620e8) Importer(815301076,1909f56bfc062723c751e8b465ee728b)  -> (artifact id: 'e08c5165cfee26585677268b33c16ef1') in 0.004249 seconds
  Import took 0.006991 seconds .

========================================================================
Received Import Request.
  Time since last request: 0.008103 seconds.
  path: Assets/Scripts/PlayerController.cs
  artifactKey: Guid(26643d3039d4e3444adfb19a98d620e8) Importer(815301076,1909f56bfc062723c751e8b465ee728b)
Start importing Assets/Scripts/PlayerController.cs using Guid(26643d3039d4e3444adfb19a98d620e8) Importer(815301076,1909f56bfc062723c751e8b465ee728b)  -> (artifact id: 'e08c5165cfee26585677268b33c16ef1') in 0.002024 seconds
  Import took 0.004801 seconds .

========================================================================
Received Prepare
Registering precompiled user dll's ...
Registered in 0.003061 seconds.
Begin MonoManager ReloadAssembly
Native extension for WindowsStandalone target not found
Refreshing native plugins compatible for Editor in 0.45 ms, found 3 plugins.
Preloading 0 native plugins for Editor in 0.00 ms.
Mono: successfully reloaded assembly
- Completed reload, in  0.766 seconds
Platform modules already initialized, skipping
Refreshing native plugins compatible for Editor in 0.43 ms, found 3 plugins.
Preloading 0 native plugins for Editor in 0.00 ms.
Unloading 2077 Unused Serialized files (Serialized files now loaded: 0)
System memory in use before: 92.9 MB.
System memory in use after: 92.9 MB.

Unloading 21 unused Assets to reduce memory usage. Loaded Objects now: 2547.
Total: 1.827400 ms (FindLiveObjects: 0.179300 ms CreateObjectMapping: 0.046600 ms MarkObjects: 1.502700 ms  DeleteObjects: 0.098000 ms)

========================================================================
Received Import Request.
  Time since last request: 241.336463 seconds.
  path: ProjectSettings/TagManager.asset
  artifactKey: Guid(00000000000000003000000000000000) Importer(815301076,1909f56bfc062723c751e8b465ee728b)
Start importing ProjectSettings/TagManager.asset using Guid(00000000000000003000000000000000) Importer(815301076,1909f56bfc062723c751e8b465ee728b)  -> (artifact id: '95df672b4aaba54310d34c83eef51bb8') in 0.018079 seconds
  Import took 0.020921 seconds .

========================================================================
Received Prepare
Registering precompiled user dll's ...
Registered in 0.003050 seconds.
Begin MonoManager ReloadAssembly
Native extension for WindowsStandalone target not found
Refreshing native plugins compatible for Editor in 0.44 ms, found 3 plugins.
Preloading 0 native plugins for Editor in 0.00 ms.
Mono: successfully reloaded assembly
- Completed reload, in  0.771 seconds
Platform modules already initialized, skipping
Refreshing native plugins compatible for Editor in 0.43 ms, found 3 plugins.
Preloading 0 native plugins for Editor in 0.00 ms.
Unloading 2077 Unused Serialized files (Serialized files now loaded: 0)
System memory in use before: 93.0 MB.
System memory in use after: 92.9 MB.

Unloading 22 unused Assets to reduce memory usage. Loaded Objects now: 2551.
Total: 1.904400 ms (FindLiveObjects: 0.188900 ms CreateObjectMapping: 0.046700 ms MarkObjects: 1.574100 ms  DeleteObjects: 0.093800 ms)

========================================================================
Received Prepare
Registering precompiled user dll's ...
Registered in 0.002941 seconds.
Begin MonoManager ReloadAssembly
Native extension for WindowsStandalone target not found
Refreshing native plugins compatible for Editor in 0.38 ms, found 3 plugins.
Preloading 0 native plugins for Editor in 0.00 ms.
Mono: successfully reloaded assembly
- Completed reload, in  0.786 seconds
Platform modules already initialized, skipping
Refreshing native plugins compatible for Editor in 0.44 ms, found 3 plugins.
Preloading 0 native plugins for Editor in 0.00 ms.
Unloading 2077 Unused Serialized files (Serialized files now loaded: 0)
System memory in use before: 93.0 MB.
System memory in use after: 92.9 MB.

Unloading 21 unused Assets to reduce memory usage. Loaded Objects now: 2555.
Total: 2.048500 ms (FindLiveObjects: 0.203800 ms CreateObjectMapping: 0.045600 ms MarkObjects: 1.692800 ms  DeleteObjects: 0.105600 ms)

========================================================================
Received Prepare
Registering precompiled user dll's ...
Registered in 0.003100 seconds.
Begin MonoManager ReloadAssembly
Native extension for WindowsStandalone target not found
Refreshing native plugins compatible for Editor in 0.51 ms, found 3 plugins.
Preloading 0 native plugins for Editor in 0.00 ms.
Mono: successfully reloaded assembly
- Completed reload, in  0.824 seconds
Platform modules already initialized, skipping
Refreshing native plugins compatible for Editor in 0.47 ms, found 3 plugins.
Preloading 0 native plugins for Editor in 0.00 ms.
Unloading 2077 Unused Serialized files (Serialized files now loaded: 0)
System memory in use before: 93.0 MB.
System memory in use after: 93.0 MB.

Unloading 21 unused Assets to reduce memory usage. Loaded Objects now: 2559.
Total: 1.918500 ms (FindLiveObjects: 0.183000 ms CreateObjectMapping: 0.046700 ms MarkObjects: 1.578800 ms  DeleteObjects: 0.109000 ms)

========================================================================
Received Prepare
Registering precompiled user dll's ...
Registered in 0.003135 seconds.
Begin MonoManager ReloadAssembly
Native extension for WindowsStandalone target not found
Refreshing native plugins compatible for Editor in 0.45 ms, found 3 plugins.
Preloading 0 native plugins for Editor in 0.00 ms.
Mono: successfully reloaded assembly
- Completed reload, in  0.770 seconds
Platform modules already initialized, skipping
Refreshing native plugins compatible for Editor in 0.43 ms, found 3 plugins.
Preloading 0 native plugins for Editor in 0.00 ms.
Unloading 2077 Unused Serialized files (Serialized files now loaded: 0)
System memory in use before: 93.0 MB.
System memory in use after: 93.0 MB.

Unloading 21 unused Assets to reduce memory usage. Loaded Objects now: 2563.
Total: 2.095500 ms (FindLiveObjects: 0.193700 ms CreateObjectMapping: 0.057200 ms MarkObjects: 1.743800 ms  DeleteObjects: 0.099800 ms)

========================================================================
Received Prepare
Registering precompiled user dll's ...
Registered in 0.002955 seconds.
Begin MonoManager ReloadAssembly
Native extension for WindowsStandalone target not found
Refreshing native plugins compatible for Editor in 0.37 ms, found 3 plugins.
Preloading 0 native plugins for Editor in 0.00 ms.
Mono: successfully reloaded assembly
- Completed reload, in  0.787 seconds
Platform modules already initialized, skipping
Refreshing native plugins compatible for Editor in 0.46 ms, found 3 plugins.
Preloading 0 native plugins for Editor in 0.00 ms.
Unloading 2077 Unused Serialized files (Serialized files now loaded: 0)
System memory in use before: 93.0 MB.
System memory in use after: 93.0 MB.

Unloading 21 unused Assets to reduce memory usage. Loaded Objects now: 2567.
Total: 1.904500 ms (FindLiveObjects: 0.185300 ms CreateObjectMapping: 0.047400 ms MarkObjects: 1.573000 ms  DeleteObjects: 0.097700 ms)

========================================================================
Received Prepare
Registering precompiled user dll's ...
Registered in 0.004573 seconds.
Begin MonoManager ReloadAssembly
Native extension for WindowsStandalone target not found
Refreshing native plugins compatible for Editor in 0.43 ms, found 3 plugins.
Preloading 0 native plugins for Editor in 0.00 ms.
Mono: successfully reloaded assembly
- Completed reload, in  0.785 seconds
Platform modules already initialized, skipping
Refreshing native plugins compatible for Editor in 0.43 ms, found 3 plugins.
Preloading 0 native plugins for Editor in 0.00 ms.
Unloading 2077 Unused Serialized files (Serialized files now loaded: 0)
System memory in use before: 93.0 MB.
System memory in use after: 93.0 MB.

Unloading 21 unused Assets to reduce memory usage. Loaded Objects now: 2571.
Total: 2.046600 ms (FindLiveObjects: 0.199800 ms CreateObjectMapping: 0.057100 ms MarkObjects: 1.692600 ms  DeleteObjects: 0.096100 ms)

========================================================================
Received Prepare
Registering precompiled user dll's ...
Registered in 0.003016 seconds.
Begin MonoManager ReloadAssembly
Native extension for WindowsStandalone target not found
Refreshing native plugins compatible for Editor in 0.43 ms, found 3 plugins.
Preloading 0 native plugins for Editor in 0.00 ms.
Mono: successfully reloaded assembly
- Completed reload, in  0.755 seconds
Platform modules already initialized, skipping
Refreshing native plugins compatible for Editor in 0.45 ms, found 3 plugins.
Preloading 0 native plugins for Editor in 0.00 ms.
Unloading 2077 Unused Serialized files (Serialized files now loaded: 0)
System memory in use before: 93.0 MB.
System memory in use after: 93.0 MB.

Unloading 21 unused Assets to reduce memory usage. Loaded Objects now: 2575.
Total: 1.849100 ms (FindLiveObjects: 0.178600 ms CreateObjectMapping: 0.045000 ms MarkObjects: 1.525600 ms  DeleteObjects: 0.099000 ms)

========================================================================
Received Prepare
Registering precompiled user dll's ...
Registered in 0.003168 seconds.
Begin MonoManager ReloadAssembly
Native extension for WindowsStandalone target not found
Refreshing native plugins compatible for Editor in 0.50 ms, found 3 plugins.
Preloading 0 native plugins for Editor in 0.00 ms.
Mono: successfully reloaded assembly
- Completed reload, in  0.817 seconds
Platform modules already initialized, skipping
Refreshing native plugins compatible for Editor in 0.44 ms, found 3 plugins.
Preloading 0 native plugins for Editor in 0.00 ms.
Unloading 2077 Unused Serialized files (Serialized files now loaded: 0)
System memory in use before: 93.0 MB.
System memory in use after: 93.0 MB.

Unloading 21 unused Assets to reduce memory usage. Loaded Objects now: 2579.
Total: 2.290900 ms (FindLiveObjects: 0.215900 ms CreateObjectMapping: 0.047000 ms MarkObjects: 1.908600 ms  DeleteObjects: 0.118000 ms)

========================================================================
Received Prepare
Registering precompiled user dll's ...
Registered in 0.003014 seconds.
Begin MonoManager ReloadAssembly
Native extension for WindowsStandalone target not found
Refreshing native plugins compatible for Editor in 0.42 ms, found 3 plugins.
Preloading 0 native plugins for Editor in 0.00 ms.
Mono: successfully reloaded assembly
- Completed reload, in  0.790 seconds
Platform modules already initialized, skipping
Refreshing native plugins compatible for Editor in 0.43 ms, found 3 plugins.
Preloading 0 native plugins for Editor in 0.00 ms.
Unloading 2077 Unused Serialized files (Serialized files now loaded: 0)
System memory in use before: 93.0 MB.
System memory in use after: 93.0 MB.

Unloading 21 unused Assets to reduce memory usage. Loaded Objects now: 2583.
Total: 1.907400 ms (FindLiveObjects: 0.189600 ms CreateObjectMapping: 0.046100 ms MarkObjects: 1.572300 ms  DeleteObjects: 0.098400 ms)

========================================================================
Received Prepare
Registering precompiled user dll's ...
Registered in 0.003061 seconds.
Begin MonoManager ReloadAssembly
Native extension for WindowsStandalone target not found
Refreshing native plugins compatible for Editor in 0.51 ms, found 3 plugins.
Preloading 0 native plugins for Editor in 0.00 ms.
Mono: successfully reloaded assembly
- Completed reload, in  0.819 seconds
Platform modules already initialized, skipping
Refreshing native plugins compatible for Editor in 0.44 ms, found 3 plugins.
Preloading 0 native plugins for Editor in 0.00 ms.
Unloading 2077 Unused Serialized files (Serialized files now loaded: 0)
System memory in use before: 93.0 MB.
System memory in use after: 93.0 MB.

Unloading 21 unused Assets to reduce memory usage. Loaded Objects now: 2587.
Total: 1.867300 ms (FindLiveObjects: 0.181500 ms CreateObjectMapping: 0.046100 ms MarkObjects: 1.544800 ms  DeleteObjects: 0.094200 ms)

========================================================================
Received Prepare
Registering precompiled user dll's ...
Registered in 0.002990 seconds.
Begin MonoManager ReloadAssembly
Native extension for WindowsStandalone target not found
Refreshing native plugins compatible for Editor in 0.46 ms, found 3 plugins.
Preloading 0 native plugins for Editor in 0.00 ms.
Mono: successfully reloaded assembly
- Completed reload, in  0.785 seconds
Platform modules already initialized, skipping
Refreshing native plugins compatible for Editor in 0.42 ms, found 3 plugins.
Preloading 0 native plugins for Editor in 0.00 ms.
Unloading 2077 Unused Serialized files (Serialized files now loaded: 0)
System memory in use before: 93.0 MB.
System memory in use after: 93.0 MB.

Unloading 21 unused Assets to reduce memory usage. Loaded Objects now: 2591.
Total: 1.900000 ms (FindLiveObjects: 0.191300 ms CreateObjectMapping: 0.045100 ms MarkObjects: 1.561200 ms  DeleteObjects: 0.101500 ms)

========================================================================
Received Prepare
Registering precompiled user dll's ...
Registered in 0.003031 seconds.
Begin MonoManager ReloadAssembly
Native extension for WindowsStandalone target not found
Refreshing native plugins compatible for Editor in 0.49 ms, found 3 plugins.
Preloading 0 native plugins for Editor in 0.00 ms.
Mono: successfully reloaded assembly
- Completed reload, in  0.808 seconds
Platform modules already initialized, skipping
Refreshing native plugins compatible for Editor in 0.46 ms, found 3 plugins.
Preloading 0 native plugins for Editor in 0.00 ms.
Unloading 2077 Unused Serialized files (Serialized files now loaded: 0)
System memory in use before: 93.1 MB.
System memory in use after: 93.0 MB.

Unloading 21 unused Assets to reduce memory usage. Loaded Objects now: 2595.
Total: 2.214500 ms (FindLiveObjects: 0.219900 ms CreateObjectMapping: 0.056000 ms MarkObjects: 1.831900 ms  DeleteObjects: 0.105200 ms)

========================================================================
Received Prepare
Registering precompiled user dll's ...
Registered in 0.003245 seconds.
Begin MonoManager ReloadAssembly
Native extension for WindowsStandalone target not found
Refreshing native plugins compatible for Editor in 0.46 ms, found 3 plugins.
Preloading 0 native plugins for Editor in 0.00 ms.
Mono: successfully reloaded assembly
- Completed reload, in  0.788 seconds
Platform modules already initialized, skipping
Refreshing native plugins compatible for Editor in 0.46 ms, found 3 plugins.
Preloading 0 native plugins for Editor in 0.00 ms.
Unloading 2077 Unused Serialized files (Serialized files now loaded: 0)
System memory in use before: 93.1 MB.
System memory in use after: 93.0 MB.

Unloading 21 unused Assets to reduce memory usage. Loaded Objects now: 2599.
Total: 1.903500 ms (FindLiveObjects: 0.178200 ms CreateObjectMapping: 0.047100 ms MarkObjects: 1.546900 ms  DeleteObjects: 0.130700 ms)

========================================================================
Received Prepare
Registering precompiled user dll's ...
Registered in 0.002956 seconds.
Begin MonoManager ReloadAssembly
Native extension for WindowsStandalone target not found
Refreshing native plugins compatible for Editor in 0.76 ms, found 3 plugins.
Preloading 0 native plugins for Editor in 0.00 ms.
Mono: successfully reloaded assembly
- Completed reload, in  0.806 seconds
Platform modules already initialized, skipping
Refreshing native plugins compatible for Editor in 0.43 ms, found 3 plugins.
Preloading 0 native plugins for Editor in 0.00 ms.
Unloading 2077 Unused Serialized files (Serialized files now loaded: 0)
System memory in use before: 93.1 MB.
System memory in use after: 93.1 MB.

Unloading 21 unused Assets to reduce memory usage. Loaded Objects now: 2603.
Total: 1.913100 ms (FindLiveObjects: 0.190300 ms CreateObjectMapping: 0.045900 ms MarkObjects: 1.579100 ms  DeleteObjects: 0.097200 ms)

========================================================================
Received Prepare
Registering precompiled user dll's ...
Registered in 0.003041 seconds.
Begin MonoManager ReloadAssembly
Native extension for WindowsStandalone target not found
Refreshing native plugins compatible for Editor in 0.42 ms, found 3 plugins.
Preloading 0 native plugins for Editor in 0.00 ms.
Mono: successfully reloaded assembly
- Completed reload, in  0.780 seconds
Platform modules already initialized, skipping
Refreshing native plugins compatible for Editor in 0.42 ms, found 3 plugins.
Preloading 0 native plugins for Editor in 0.00 ms.
Unloading 2077 Unused Serialized files (Serialized files now loaded: 0)
System memory in use before: 93.1 MB.
System memory in use after: 93.1 MB.

Unloading 21 unused Assets to reduce memory usage. Loaded Objects now: 2607.
Total: 1.883900 ms (FindLiveObjects: 0.177800 ms CreateObjectMapping: 0.046700 ms MarkObjects: 1.559200 ms  DeleteObjects: 0.099500 ms)

========================================================================
Received Prepare
Registering precompiled user dll's ...
Registered in 0.003028 seconds.
Begin MonoManager ReloadAssembly
Native extension for WindowsStandalone target not found
Refreshing native plugins compatible for Editor in 0.67 ms, found 3 plugins.
Preloading 0 native plugins for Editor in 0.00 ms.
Mono: successfully reloaded assembly
- Completed reload, in  0.795 seconds
Platform modules already initialized, skipping
Refreshing native plugins compatible for Editor in 0.47 ms, found 3 plugins.
Preloading 0 native plugins for Editor in 0.00 ms.
Unloading 2077 Unused Serialized files (Serialized files now loaded: 0)
System memory in use before: 93.1 MB.
System memory in use after: 93.1 MB.

Unloading 21 unused Assets to reduce memory usage. Loaded Objects now: 2611.
Total: 1.897600 ms (FindLiveObjects: 0.187600 ms CreateObjectMapping: 0.046600 ms MarkObjects: 1.566600 ms  DeleteObjects: 0.095900 ms)

========================================================================
Received Prepare
Registering precompiled user dll's ...
Registered in 0.003615 seconds.
Begin MonoManager ReloadAssembly
Native extension for WindowsStandalone target not found
Refreshing native plugins compatible for Editor in 0.45 ms, found 3 plugins.
Preloading 0 native plugins for Editor in 0.00 ms.
Mono: successfully reloaded assembly
- Completed reload, in  0.775 seconds
Platform modules already initialized, skipping
Refreshing native plugins compatible for Editor in 0.43 ms, found 3 plugins.
Preloading 0 native plugins for Editor in 0.00 ms.
Unloading 2077 Unused Serialized files (Serialized files now loaded: 0)
System memory in use before: 93.1 MB.
System memory in use after: 93.1 MB.

Unloading 21 unused Assets to reduce memory usage. Loaded Objects now: 2615.
Total: 1.902600 ms (FindLiveObjects: 0.223000 ms CreateObjectMapping: 0.056500 ms MarkObjects: 1.528900 ms  DeleteObjects: 0.093200 ms)

========================================================================
Received Prepare
Registering precompiled user dll's ...
Registered in 0.003010 seconds.
Begin MonoManager ReloadAssembly
Native extension for WindowsStandalone target not found
Refreshing native plugins compatible for Editor in 0.45 ms, found 3 plugins.
Preloading 0 native plugins for Editor in 0.00 ms.
Mono: successfully reloaded assembly
- Completed reload, in  0.800 seconds
Platform modules already initialized, skipping
Refreshing native plugins compatible for Editor in 0.47 ms, found 3 plugins.
Preloading 0 native plugins for Editor in 0.00 ms.
Unloading 2077 Unused Serialized files (Serialized files now loaded: 0)
System memory in use before: 93.1 MB.
System memory in use after: 93.1 MB.

Unloading 21 unused Assets to reduce memory usage. Loaded Objects now: 2619.
Total: 2.075500 ms (FindLiveObjects: 0.189700 ms CreateObjectMapping: 0.046600 ms MarkObjects: 1.741900 ms  DeleteObjects: 0.096300 ms)

========================================================================
Received Prepare
Registering precompiled user dll's ...
Registered in 0.003045 seconds.
Begin MonoManager ReloadAssembly
Native extension for WindowsStandalone target not found
Refreshing native plugins compatible for Editor in 0.43 ms, found 3 plugins.
Preloading 0 native plugins for Editor in 0.00 ms.
Mono: successfully reloaded assembly
- Completed reload, in  0.783 seconds
Platform modules already initialized, skipping
Refreshing native plugins compatible for Editor in 0.42 ms, found 3 plugins.
Preloading 0 native plugins for Editor in 0.00 ms.
Unloading 2077 Unused Serialized files (Serialized files now loaded: 0)
System memory in use before: 93.1 MB.
System memory in use after: 93.1 MB.

Unloading 21 unused Assets to reduce memory usage. Loaded Objects now: 2623.
Total: 1.879300 ms (FindLiveObjects: 0.190500 ms CreateObjectMapping: 0.047000 ms MarkObjects: 1.545600 ms  DeleteObjects: 0.095400 ms)

========================================================================
Received Prepare
Registering precompiled user dll's ...
Registered in 0.003072 seconds.
Begin MonoManager ReloadAssembly
Native extension for WindowsStandalone target not found
Refreshing native plugins compatible for Editor in 0.45 ms, found 3 plugins.
Preloading 0 native plugins for Editor in 0.00 ms.
Mono: successfully reloaded assembly
- Completed reload, in  0.795 seconds
Platform modules already initialized, skipping
Refreshing native plugins compatible for Editor in 0.46 ms, found 3 plugins.
Preloading 0 native plugins for Editor in 0.00 ms.
Unloading 2077 Unused Serialized files (Serialized files now loaded: 0)
System memory in use before: 93.1 MB.
System memory in use after: 93.1 MB.

Unloading 21 unused Assets to reduce memory usage. Loaded Objects now: 2627.
Total: 2.026600 ms (FindLiveObjects: 0.233900 ms CreateObjectMapping: 0.046800 ms MarkObjects: 1.641100 ms  DeleteObjects: 0.103700 ms)

========================================================================
Received Prepare
Registering precompiled user dll's ...
Registered in 0.002996 seconds.
Begin MonoManager ReloadAssembly
Native extension for WindowsStandalone target not found
Refreshing native plugins compatible for Editor in 0.47 ms, found 3 plugins.
Preloading 0 native plugins for Editor in 0.00 ms.
Mono: successfully reloaded assembly
- Completed reload, in  0.783 seconds
Platform modules already initialized, skipping
Refreshing native plugins compatible for Editor in 0.42 ms, found 3 plugins.
Preloading 0 native plugins for Editor in 0.00 ms.
Unloading 2077 Unused Serialized files (Serialized files now loaded: 0)
System memory in use before: 93.1 MB.
System memory in use after: 93.1 MB.

Unloading 21 unused Assets to reduce memory usage. Loaded Objects now: 2631.
Total: 1.867900 ms (FindLiveObjects: 0.189100 ms CreateObjectMapping: 0.046400 ms MarkObjects: 1.535500 ms  DeleteObjects: 0.096000 ms)

========================================================================
Received Prepare
Registering precompiled user dll's ...
Registered in 0.004078 seconds.
Begin MonoManager ReloadAssembly
Native extension for WindowsStandalone target not found
Refreshing native plugins compatible for Editor in 0.44 ms, found 3 plugins.
Preloading 0 native plugins for Editor in 0.00 ms.
Mono: successfully reloaded assembly
- Completed reload, in  0.806 seconds
Platform modules already initialized, skipping
Refreshing native plugins compatible for Editor in 0.53 ms, found 3 plugins.
Preloading 0 native plugins for Editor in 0.00 ms.
Unloading 2077 Unused Serialized files (Serialized files now loaded: 0)
System memory in use before: 93.1 MB.
System memory in use after: 93.1 MB.

Unloading 21 unused Assets to reduce memory usage. Loaded Objects now: 2635.
Total: 1.892600 ms (FindLiveObjects: 0.206100 ms CreateObjectMapping: 0.047400 ms MarkObjects: 1.540300 ms  DeleteObjects: 0.097800 ms)

========================================================================
Received Prepare
Registering precompiled user dll's ...
Registered in 0.003082 seconds.
Begin MonoManager ReloadAssembly
Native extension for WindowsStandalone target not found
Refreshing native plugins compatible for Editor in 0.43 ms, found 3 plugins.
Preloading 0 native plugins for Editor in 0.00 ms.
Mono: successfully reloaded assembly
- Completed reload, in  0.776 seconds
Platform modules already initialized, skipping
Refreshing native plugins compatible for Editor in 0.44 ms, found 3 plugins.
Preloading 0 native plugins for Editor in 0.00 ms.
Unloading 2077 Unused Serialized files (Serialized files now loaded: 0)
System memory in use before: 93.1 MB.
System memory in use after: 93.1 MB.

Unloading 21 unused Assets to reduce memory usage. Loaded Objects now: 2639.
Total: 1.939200 ms (FindLiveObjects: 0.189000 ms CreateObjectMapping: 0.047000 ms MarkObjects: 1.607100 ms  DeleteObjects: 0.095300 ms)

========================================================================
Received Prepare
Registering precompiled user dll's ...
Registered in 0.002996 seconds.
Begin MonoManager ReloadAssembly
Native extension for WindowsStandalone target not found
Refreshing native plugins compatible for Editor in 0.70 ms, found 3 plugins.
Preloading 0 native plugins for Editor in 0.00 ms.
Mono: successfully reloaded assembly
- Completed reload, in  0.815 seconds
Platform modules already initialized, skipping
Refreshing native plugins compatible for Editor in 0.44 ms, found 3 plugins.
Preloading 0 native plugins for Editor in 0.00 ms.
Unloading 2077 Unused Serialized files (Serialized files now loaded: 0)
System memory in use before: 93.2 MB.
System memory in use after: 93.1 MB.

Unloading 21 unused Assets to reduce memory usage. Loaded Objects now: 2643.
Total: 1.983100 ms (FindLiveObjects: 0.200600 ms CreateObjectMapping: 0.047300 ms MarkObjects: 1.581400 ms  DeleteObjects: 0.153000 ms)

========================================================================
Received Prepare
Registering precompiled user dll's ...
Registered in 0.004822 seconds.
Begin MonoManager ReloadAssembly
Native extension for WindowsStandalone target not found
Refreshing native plugins compatible for Editor in 0.43 ms, found 3 plugins.
Preloading 0 native plugins for Editor in 0.00 ms.
Mono: successfully reloaded assembly
- Completed reload, in  0.772 seconds
Platform modules already initialized, skipping
Refreshing native plugins compatible for Editor in 0.45 ms, found 3 plugins.
Preloading 0 native plugins for Editor in 0.00 ms.
Unloading 2077 Unused Serialized files (Serialized files now loaded: 0)
System memory in use before: 93.2 MB.
System memory in use after: 93.1 MB.

Unloading 21 unused Assets to reduce memory usage. Loaded Objects now: 2647.
Total: 1.876200 ms (FindLiveObjects: 0.191600 ms CreateObjectMapping: 0.046400 ms MarkObjects: 1.533600 ms  DeleteObjects: 0.103600 ms)

========================================================================
Received Prepare
Registering precompiled user dll's ...
Registered in 0.002999 seconds.
Begin MonoManager ReloadAssembly
Native extension for WindowsStandalone target not found
Refreshing native plugins compatible for Editor in 0.42 ms, found 3 plugins.
Preloading 0 native plugins for Editor in 0.00 ms.
Mono: successfully reloaded assembly
- Completed reload, in  0.758 seconds
Platform modules already initialized, skipping
Refreshing native plugins compatible for Editor in 0.44 ms, found 3 plugins.
Preloading 0 native plugins for Editor in 0.00 ms.
Unloading 2077 Unused Serialized files (Serialized files now loaded: 0)
System memory in use before: 93.2 MB.
System memory in use after: 93.2 MB.

Unloading 21 unused Assets to reduce memory usage. Loaded Objects now: 2651.
Total: 2.068900 ms (FindLiveObjects: 0.198600 ms CreateObjectMapping: 0.048300 ms MarkObjects: 1.709200 ms  DeleteObjects: 0.111900 ms)

========================================================================
Received Import Request.
  Time since last request: 1515.792642 seconds.
  path: Assets/Scripts/Spaceship.cs
  artifactKey: Guid(964eb5ea32172d84ba1e03e3cdd33be7) Importer(815301076,1909f56bfc062723c751e8b465ee728b)
Start importing Assets/Scripts/Spaceship.cs using Guid(964eb5ea32172d84ba1e03e3cdd33be7) Importer(815301076,1909f56bfc062723c751e8b465ee728b)  -> (artifact id: '0e1b22716e6ad720554c61e46736407d') in 0.008307 seconds
  Import took 0.011473 seconds .

========================================================================
Received Prepare
Registering precompiled user dll's ...
Registered in 0.003039 seconds.
Begin MonoManager ReloadAssembly
Native extension for WindowsStandalone target not found
Refreshing native plugins compatible for Editor in 0.45 ms, found 3 plugins.
Preloading 0 native plugins for Editor in 0.00 ms.
Mono: successfully reloaded assembly
- Completed reload, in  0.794 seconds
Platform modules already initialized, skipping
Refreshing native plugins compatible for Editor in 0.46 ms, found 3 plugins.
Preloading 0 native plugins for Editor in 0.00 ms.
Unloading 2078 Unused Serialized files (Serialized files now loaded: 0)
System memory in use before: 93.2 MB.
System memory in use after: 93.2 MB.

Unloading 21 unused Assets to reduce memory usage. Loaded Objects now: 2656.
Total: 1.862200 ms (FindLiveObjects: 0.189200 ms CreateObjectMapping: 0.046900 ms MarkObjects: 1.531800 ms  DeleteObjects: 0.093500 ms)

========================================================================
Received Import Request.
  Time since last request: 190.193627 seconds.
  path: Assets/Scripts/Spaceship.cs
  artifactKey: Guid(964eb5ea32172d84ba1e03e3cdd33be7) Importer(815301076,1909f56bfc062723c751e8b465ee728b)
Start importing Assets/Scripts/Spaceship.cs using Guid(964eb5ea32172d84ba1e03e3cdd33be7) Importer(815301076,1909f56bfc062723c751e8b465ee728b)  -> (artifact id: '17e5f5657db420526e2642380de82014') in 0.005426 seconds
  Import took 0.008473 seconds .

========================================================================
Received Import Request.
  Time since last request: 0.074055 seconds.
  path: Assets/Scripts/Spaceship.cs
  artifactKey: Guid(964eb5ea32172d84ba1e03e3cdd33be7) Importer(815301076,1909f56bfc062723c751e8b465ee728b)
Start importing Assets/Scripts/Spaceship.cs using Guid(964eb5ea32172d84ba1e03e3cdd33be7) Importer(815301076,1909f56bfc062723c751e8b465ee728b)  -> (artifact id: '17e5f5657db420526e2642380de82014') in 0.002251 seconds
  Import took 0.005502 seconds .

========================================================================
Received Prepare
Registering precompiled user dll's ...
Registered in 0.003076 seconds.
Begin MonoManager ReloadAssembly
Native extension for WindowsStandalone target not found
Refreshing native plugins compatible for Editor in 0.42 ms, found 3 plugins.
Preloading 0 native plugins for Editor in 0.00 ms.
Mono: successfully reloaded assembly
- Completed reload, in  0.775 seconds
Platform modules already initialized, skipping
Refreshing native plugins compatible for Editor in 0.42 ms, found 3 plugins.
Preloading 0 native plugins for Editor in 0.00 ms.
Unloading 2078 Unused Serialized files (Serialized files now loaded: 0)
System memory in use before: 93.2 MB.
System memory in use after: 93.2 MB.

Unloading 21 unused Assets to reduce memory usage. Loaded Objects now: 2660.
Total: 1.893800 ms (FindLiveObjects: 0.203800 ms CreateObjectMapping: 0.048900 ms MarkObjects: 1.540300 ms  DeleteObjects: 0.100000 ms)

========================================================================
Received Import Request.
  Time since last request: 36.762043 seconds.
  path: Assets/Scripts/Playership.cs
  artifactKey: Guid(af62676f5c5e8444db3ded671593da15) Importer(815301076,1909f56bfc062723c751e8b465ee728b)
Start importing Assets/Scripts/Playership.cs using Guid(af62676f5c5e8444db3ded671593da15) Importer(815301076,1909f56bfc062723c751e8b465ee728b)  -> (artifact id: 'cd41d666df1d8f1df4f9b05b715a13de') in 0.008583 seconds
  Import took 0.012565 seconds .

========================================================================
Received Prepare
Registering precompiled user dll's ...
Registered in 0.003212 seconds.
Begin MonoManager ReloadAssembly
Native extension for WindowsStandalone target not found
Refreshing native plugins compatible for Editor in 0.45 ms, found 3 plugins.
Preloading 0 native plugins for Editor in 0.00 ms.
Mono: successfully reloaded assembly
- Completed reload, in  0.833 seconds
Platform modules already initialized, skipping
Refreshing native plugins compatible for Editor in 0.48 ms, found 3 plugins.
Preloading 0 native plugins for Editor in 0.00 ms.
Unloading 2079 Unused Serialized files (Serialized files now loaded: 0)
System memory in use before: 93.2 MB.
System memory in use after: 93.2 MB.

Unloading 21 unused Assets to reduce memory usage. Loaded Objects now: 2665.
Total: 2.389500 ms (FindLiveObjects: 0.226400 ms CreateObjectMapping: 0.049300 ms MarkObjects: 2.002900 ms  DeleteObjects: 0.109600 ms)

========================================================================
Received Import Request.
  Time since last request: 10.324993 seconds.
  path: Assets/Scripts/Playership.cs
  artifactKey: Guid(af62676f5c5e8444db3ded671593da15) Importer(815301076,1909f56bfc062723c751e8b465ee728b)
Start importing Assets/Scripts/Playership.cs using Guid(af62676f5c5e8444db3ded671593da15) Importer(815301076,1909f56bfc062723c751e8b465ee728b)  -> (artifact id: '89fdd768c49195ced5d5f8ab2825e8e6') in 0.004412 seconds
  Import took 0.007335 seconds .

========================================================================
Received Prepare
Registering precompiled user dll's ...
Registered in 0.003238 seconds.
Begin MonoManager ReloadAssembly
Native extension for WindowsStandalone target not found
Refreshing native plugins compatible for Editor in 0.43 ms, found 3 plugins.
Preloading 0 native plugins for Editor in 0.00 ms.
Mono: successfully reloaded assembly
- Completed reload, in  0.789 seconds
Platform modules already initialized, skipping
Refreshing native plugins compatible for Editor in 0.48 ms, found 3 plugins.
Preloading 0 native plugins for Editor in 0.00 ms.
Unloading 2079 Unused Serialized files (Serialized files now loaded: 0)
System memory in use before: 93.3 MB.
System memory in use after: 93.2 MB.

Unloading 21 unused Assets to reduce memory usage. Loaded Objects now: 2669.
Total: 2.444800 ms (FindLiveObjects: 0.225700 ms CreateObjectMapping: 0.047400 ms MarkObjects: 2.016700 ms  DeleteObjects: 0.153200 ms)

========================================================================
Received Prepare
Registering precompiled user dll's ...
Registered in 0.003005 seconds.
Begin MonoManager ReloadAssembly
Native extension for WindowsStandalone target not found
Refreshing native plugins compatible for Editor in 0.43 ms, found 3 plugins.
Preloading 0 native plugins for Editor in 0.00 ms.
Mono: successfully reloaded assembly
- Completed reload, in  0.786 seconds
Platform modules already initialized, skipping
Refreshing native plugins compatible for Editor in 0.43 ms, found 3 plugins.
Preloading 0 native plugins for Editor in 0.00 ms.
Unloading 2079 Unused Serialized files (Serialized files now loaded: 0)
System memory in use before: 93.3 MB.
System memory in use after: 93.2 MB.

Unloading 21 unused Assets to reduce memory usage. Loaded Objects now: 2673.
Total: 1.941900 ms (FindLiveObjects: 0.245800 ms CreateObjectMapping: 0.049000 ms MarkObjects: 1.543800 ms  DeleteObjects: 0.102000 ms)

========================================================================
Received Prepare
Registering precompiled user dll's ...
Registered in 0.006047 seconds.
Begin MonoManager ReloadAssembly
Native extension for WindowsStandalone target not found
Refreshing native plugins compatible for Editor in 0.42 ms, found 3 plugins.
Preloading 0 native plugins for Editor in 0.00 ms.
Mono: successfully reloaded assembly
- Completed reload, in  0.780 seconds
Platform modules already initialized, skipping
Refreshing native plugins compatible for Editor in 0.47 ms, found 3 plugins.
Preloading 0 native plugins for Editor in 0.00 ms.
Unloading 2079 Unused Serialized files (Serialized files now loaded: 0)
System memory in use before: 93.3 MB.
System memory in use after: 93.2 MB.

Unloading 21 unused Assets to reduce memory usage. Loaded Objects now: 2677.
Total: 2.008700 ms (FindLiveObjects: 0.226200 ms CreateObjectMapping: 0.048300 ms MarkObjects: 1.621200 ms  DeleteObjects: 0.111800 ms)

========================================================================
Received Prepare
Registering precompiled user dll's ...
Registered in 0.003051 seconds.
Begin MonoManager ReloadAssembly
Native extension for WindowsStandalone target not found
Refreshing native plugins compatible for Editor in 0.44 ms, found 3 plugins.
Preloading 0 native plugins for Editor in 0.00 ms.
Mono: successfully reloaded assembly
- Completed reload, in  0.789 seconds
Platform modules already initialized, skipping
Refreshing native plugins compatible for Editor in 0.43 ms, found 3 plugins.
Preloading 0 native plugins for Editor in 0.00 ms.
Unloading 2079 Unused Serialized files (Serialized files now loaded: 0)
System memory in use before: 93.3 MB.
System memory in use after: 93.3 MB.

Unloading 21 unused Assets to reduce memory usage. Loaded Objects now: 2681.
Total: 1.895300 ms (FindLiveObjects: 0.193500 ms CreateObjectMapping: 0.046800 ms MarkObjects: 1.557300 ms  DeleteObjects: 0.096500 ms)

========================================================================
Received Import Request.
  Time since last request: 482.340821 seconds.
  path: Assets/Scripts/Playership.cs
  artifactKey: Guid(af62676f5c5e8444db3ded671593da15) Importer(815301076,1909f56bfc062723c751e8b465ee728b)
Start importing Assets/Scripts/Playership.cs using Guid(af62676f5c5e8444db3ded671593da15) Importer(815301076,1909f56bfc062723c751e8b465ee728b)  -> (artifact id: 'd461b2550d2858e97165015798d1e1e9') in 0.004525 seconds
  Import took 0.007521 seconds .

========================================================================
Received Import Request.
  Time since last request: 0.000199 seconds.
  path: Assets/Scripts/Playership.cs
  artifactKey: Guid(af62676f5c5e8444db3ded671593da15) Importer(815301076,1909f56bfc062723c751e8b465ee728b)
Start importing Assets/Scripts/Playership.cs using Guid(af62676f5c5e8444db3ded671593da15) Importer(815301076,1909f56bfc062723c751e8b465ee728b)  -> (artifact id: 'd461b2550d2858e97165015798d1e1e9') in 0.001559 seconds
  Import took 0.004361 seconds .

========================================================================
Received Prepare
Registering precompiled user dll's ...
Registered in 0.002962 seconds.
Begin MonoManager ReloadAssembly
Native extension for WindowsStandalone target not found
Refreshing native plugins compatible for Editor in 0.43 ms, found 3 plugins.
Preloading 0 native plugins for Editor in 0.00 ms.
Mono: successfully reloaded assembly
- Completed reload, in  0.770 seconds
Platform modules already initialized, skipping
Refreshing native plugins compatible for Editor in 0.43 ms, found 3 plugins.
Preloading 0 native plugins for Editor in 0.00 ms.
Unloading 2079 Unused Serialized files (Serialized files now loaded: 0)
System memory in use before: 93.3 MB.
System memory in use after: 93.3 MB.

Unloading 21 unused Assets to reduce memory usage. Loaded Objects now: 2685.
Total: 1.917800 ms (FindLiveObjects: 0.183000 ms CreateObjectMapping: 0.046600 ms MarkObjects: 1.592500 ms  DeleteObjects: 0.094900 ms)

========================================================================
Received Import Request.
  Time since last request: 26.875181 seconds.
  path: Assets/Scripts/GameController.cs
  artifactKey: Guid(7822f7f486bcc28478e6d79c0f20aa26) Importer(815301076,1909f56bfc062723c751e8b465ee728b)
Start importing Assets/Scripts/GameController.cs using Guid(7822f7f486bcc28478e6d79c0f20aa26) Importer(815301076,1909f56bfc062723c751e8b465ee728b)  -> (artifact id: '22c46a6defac29f5c04bdca172cee515') in 0.008423 seconds
  Import took 0.012526 seconds .

========================================================================
Received Prepare
Registering precompiled user dll's ...
Registered in 0.003094 seconds.
Begin MonoManager ReloadAssembly
Native extension for WindowsStandalone target not found
Refreshing native plugins compatible for Editor in 0.46 ms, found 3 plugins.
Preloading 0 native plugins for Editor in 0.00 ms.
Mono: successfully reloaded assembly
- Completed reload, in  0.815 seconds
Platform modules already initialized, skipping
Refreshing native plugins compatible for Editor in 0.43 ms, found 3 plugins.
Preloading 0 native plugins for Editor in 0.00 ms.
Unloading 2080 Unused Serialized files (Serialized files now loaded: 0)
System memory in use before: 93.3 MB.
System memory in use after: 93.3 MB.

Unloading 21 unused Assets to reduce memory usage. Loaded Objects now: 2690.
Total: 1.900400 ms (FindLiveObjects: 0.192300 ms CreateObjectMapping: 0.047500 ms MarkObjects: 1.563400 ms  DeleteObjects: 0.096200 ms)

========================================================================
Received Prepare
Registering precompiled user dll's ...
Registered in 0.003010 seconds.
Begin MonoManager ReloadAssembly
Native extension for WindowsStandalone target not found
Refreshing native plugins compatible for Editor in 0.46 ms, found 3 plugins.
Preloading 0 native plugins for Editor in 0.00 ms.
Mono: successfully reloaded assembly
- Completed reload, in  0.771 seconds
Platform modules already initialized, skipping
Refreshing native plugins compatible for Editor in 0.45 ms, found 3 plugins.
Preloading 0 native plugins for Editor in 0.00 ms.
Unloading 2080 Unused Serialized files (Serialized files now loaded: 0)
System memory in use before: 93.3 MB.
System memory in use after: 93.3 MB.

Unloading 21 unused Assets to reduce memory usage. Loaded Objects now: 2694.
Total: 1.914200 ms (FindLiveObjects: 0.200400 ms CreateObjectMapping: 0.046400 ms MarkObjects: 1.566600 ms  DeleteObjects: 0.100100 ms)

========================================================================
Received Prepare
Registering precompiled user dll's ...
Registered in 0.003100 seconds.
Begin MonoManager ReloadAssembly
Native extension for WindowsStandalone target not found
Refreshing native plugins compatible for Editor in 0.44 ms, found 3 plugins.
Preloading 0 native plugins for Editor in 0.00 ms.
Mono: successfully reloaded assembly
- Completed reload, in  0.765 seconds
Platform modules already initialized, skipping
Refreshing native plugins compatible for Editor in 0.42 ms, found 3 plugins.
Preloading 0 native plugins for Editor in 0.00 ms.
Unloading 2080 Unused Serialized files (Serialized files now loaded: 0)
System memory in use before: 93.3 MB.
System memory in use after: 93.3 MB.

Unloading 21 unused Assets to reduce memory usage. Loaded Objects now: 2698.
Total: 2.336400 ms (FindLiveObjects: 0.189300 ms CreateObjectMapping: 0.072300 ms MarkObjects: 1.971300 ms  DeleteObjects: 0.102600 ms)

========================================================================
Received Import Request.
  Time since last request: 427.839042 seconds.
  path: Assets/Scripts/GameController.cs
  artifactKey: Guid(7822f7f486bcc28478e6d79c0f20aa26) Importer(815301076,1909f56bfc062723c751e8b465ee728b)
Start importing Assets/Scripts/GameController.cs using Guid(7822f7f486bcc28478e6d79c0f20aa26) Importer(815301076,1909f56bfc062723c751e8b465ee728b)  -> (artifact id: '3f7a7648338828e298daea61e9af2bc3') in 0.005235 seconds
  Import took 0.008620 seconds .

========================================================================
Received Import Request.
  Time since last request: 0.033909 seconds.
  path: Assets/Scripts/GameController.cs
  artifactKey: Guid(7822f7f486bcc28478e6d79c0f20aa26) Importer(815301076,1909f56bfc062723c751e8b465ee728b)
Start importing Assets/Scripts/GameController.cs using Guid(7822f7f486bcc28478e6d79c0f20aa26) Importer(815301076,1909f56bfc062723c751e8b465ee728b)  -> (artifact id: '3f7a7648338828e298daea61e9af2bc3') in 0.001843 seconds
  Import took 0.004801 seconds .

========================================================================
Received Prepare
Registering precompiled user dll's ...
Registered in 0.003021 seconds.
Begin MonoManager ReloadAssembly
Native extension for WindowsStandalone target not found
Refreshing native plugins compatible for Editor in 0.44 ms, found 3 plugins.
Preloading 0 native plugins for Editor in 0.00 ms.
Mono: successfully reloaded assembly
- Completed reload, in  0.758 seconds
Platform modules already initialized, skipping
Refreshing native plugins compatible for Editor in 0.63 ms, found 3 plugins.
Preloading 0 native plugins for Editor in 0.00 ms.
Unloading 2081 Unused Serialized files (Serialized files now loaded: 0)
System memory in use before: 93.4 MB.
System memory in use after: 93.3 MB.

Unloading 21 unused Assets to reduce memory usage. Loaded Objects now: 2703.
Total: 1.944300 ms (FindLiveObjects: 0.211800 ms CreateObjectMapping: 0.047500 ms MarkObjects: 1.582500 ms  DeleteObjects: 0.101700 ms)

========================================================================
Received Import Request.
  Time since last request: 556.164393 seconds.
  path: Assets/Scripts/GameController.cs
  artifactKey: Guid(7822f7f486bcc28478e6d79c0f20aa26) Importer(815301076,1909f56bfc062723c751e8b465ee728b)
Start importing Assets/Scripts/GameController.cs using Guid(7822f7f486bcc28478e6d79c0f20aa26) Importer(815301076,1909f56bfc062723c751e8b465ee728b)  -> (artifact id: 'b15c8c577d18799448eaaa7d4ac8671e') in 0.005293 seconds
  Import took 0.008653 seconds .

========================================================================
Received Import Request.
  Time since last request: 0.070189 seconds.
  path: Assets/Scripts/GameController.cs
  artifactKey: Guid(7822f7f486bcc28478e6d79c0f20aa26) Importer(815301076,1909f56bfc062723c751e8b465ee728b)
Start importing Assets/Scripts/GameController.cs using Guid(7822f7f486bcc28478e6d79c0f20aa26) Importer(815301076,1909f56bfc062723c751e8b465ee728b)  -> (artifact id: 'b15c8c577d18799448eaaa7d4ac8671e') in 0.001748 seconds
  Import took 0.004519 seconds .

========================================================================
Received Prepare
Registering precompiled user dll's ...
Registered in 0.003005 seconds.
Begin MonoManager ReloadAssembly
Native extension for WindowsStandalone target not found
Refreshing native plugins compatible for Editor in 0.42 ms, found 3 plugins.
Preloading 0 native plugins for Editor in 0.00 ms.
Mono: successfully reloaded assembly
- Completed reload, in  0.772 seconds
Platform modules already initialized, skipping
Refreshing native plugins compatible for Editor in 0.45 ms, found 3 plugins.
Preloading 0 native plugins for Editor in 0.00 ms.
Unloading 2081 Unused Serialized files (Serialized files now loaded: 0)
System memory in use before: 93.4 MB.
System memory in use after: 93.4 MB.

Unloading 21 unused Assets to reduce memory usage. Loaded Objects now: 2707.
Total: 1.980600 ms (FindLiveObjects: 0.211000 ms CreateObjectMapping: 0.054700 ms MarkObjects: 1.616800 ms  DeleteObjects: 0.096800 ms)

========================================================================
Received Import Request.
  Time since last request: 34.730593 seconds.
  path: Assets/Scripts/GameController.cs
  artifactKey: Guid(7822f7f486bcc28478e6d79c0f20aa26) Importer(815301076,1909f56bfc062723c751e8b465ee728b)
Start importing Assets/Scripts/GameController.cs using Guid(7822f7f486bcc28478e6d79c0f20aa26) Importer(815301076,1909f56bfc062723c751e8b465ee728b)  -> (artifact id: 'e479bd23cf2bc55d5988ccadf7e04df4') in 0.004486 seconds
  Import took 0.007474 seconds .

========================================================================
Received Import Request.
  Time since last request: 0.020314 seconds.
  path: Assets/Scripts/GameController.cs
  artifactKey: Guid(7822f7f486bcc28478e6d79c0f20aa26) Importer(815301076,1909f56bfc062723c751e8b465ee728b)
Start importing Assets/Scripts/GameController.cs using Guid(7822f7f486bcc28478e6d79c0f20aa26) Importer(815301076,1909f56bfc062723c751e8b465ee728b)  -> (artifact id: 'e479bd23cf2bc55d5988ccadf7e04df4') in 0.001849 seconds
  Import took 0.004816 seconds .

========================================================================
Received Prepare
Registering precompiled user dll's ...
Registered in 0.003202 seconds.
Begin MonoManager ReloadAssembly
Native extension for WindowsStandalone target not found
Refreshing native plugins compatible for Editor in 0.43 ms, found 3 plugins.
Preloading 0 native plugins for Editor in 0.00 ms.
Mono: successfully reloaded assembly
- Completed reload, in  0.766 seconds
Platform modules already initialized, skipping
Refreshing native plugins compatible for Editor in 0.45 ms, found 3 plugins.
Preloading 0 native plugins for Editor in 0.00 ms.
Unloading 2081 Unused Serialized files (Serialized files now loaded: 0)
System memory in use before: 93.5 MB.
System memory in use after: 93.5 MB.

Unloading 21 unused Assets to reduce memory usage. Loaded Objects now: 2711.
Total: 1.936700 ms (FindLiveObjects: 0.222500 ms CreateObjectMapping: 0.047800 ms MarkObjects: 1.567200 ms  DeleteObjects: 0.098000 ms)

========================================================================
Received Import Request.
  Time since last request: 7.346836 seconds.
  path: Assets/Scripts/GameController.cs
  artifactKey: Guid(7822f7f486bcc28478e6d79c0f20aa26) Importer(815301076,1909f56bfc062723c751e8b465ee728b)
Start importing Assets/Scripts/GameController.cs using Guid(7822f7f486bcc28478e6d79c0f20aa26) Importer(815301076,1909f56bfc062723c751e8b465ee728b)  -> (artifact id: '1a56176359d238853356b83fdfa33391') in 0.004669 seconds
  Import took 0.007719 seconds .

========================================================================
Received Prepare
Registering precompiled user dll's ...
Registered in 0.003023 seconds.
Begin MonoManager ReloadAssembly
Native extension for WindowsStandalone target not found
Refreshing native plugins compatible for Editor in 0.43 ms, found 3 plugins.
Preloading 0 native plugins for Editor in 0.00 ms.
Mono: successfully reloaded assembly
- Completed reload, in  0.771 seconds
Platform modules already initialized, skipping
Refreshing native plugins compatible for Editor in 0.46 ms, found 3 plugins.
Preloading 0 native plugins for Editor in 0.00 ms.
Unloading 2081 Unused Serialized files (Serialized files now loaded: 0)
System memory in use before: 93.5 MB.
System memory in use after: 93.6 MB.

Unloading 21 unused Assets to reduce memory usage. Loaded Objects now: 2715.
Total: 2.344300 ms (FindLiveObjects: 0.250200 ms CreateObjectMapping: 0.055800 ms MarkObjects: 1.925000 ms  DeleteObjects: 0.111700 ms)

========================================================================
Received Prepare
Registering precompiled user dll's ...
Registered in 0.002970 seconds.
Begin MonoManager ReloadAssembly
Native extension for WindowsStandalone target not found
Refreshing native plugins compatible for Editor in 0.42 ms, found 3 plugins.
Preloading 0 native plugins for Editor in 0.00 ms.
Mono: successfully reloaded assembly
- Completed reload, in  0.764 seconds
Platform modules already initialized, skipping
Refreshing native plugins compatible for Editor in 0.44 ms, found 3 plugins.
Preloading 0 native plugins for Editor in 0.00 ms.
Unloading 2081 Unused Serialized files (Serialized files now loaded: 0)
System memory in use before: 93.5 MB.
System memory in use after: 93.6 MB.

Unloading 21 unused Assets to reduce memory usage. Loaded Objects now: 2719.
Total: 2.253500 ms (FindLiveObjects: 0.269800 ms CreateObjectMapping: 0.057700 ms MarkObjects: 1.806300 ms  DeleteObjects: 0.118400 ms)

========================================================================
Received Prepare
Registering precompiled user dll's ...
Registered in 0.003026 seconds.
Begin MonoManager ReloadAssembly
Native extension for WindowsStandalone target not found
Refreshing native plugins compatible for Editor in 0.45 ms, found 3 plugins.
Preloading 0 native plugins for Editor in 0.00 ms.
Mono: successfully reloaded assembly
- Completed reload, in  0.777 seconds
Platform modules already initialized, skipping
Refreshing native plugins compatible for Editor in 0.43 ms, found 3 plugins.
Preloading 0 native plugins for Editor in 0.00 ms.
Unloading 2081 Unused Serialized files (Serialized files now loaded: 0)
System memory in use before: 93.5 MB.
System memory in use after: 93.6 MB.

Unloading 21 unused Assets to reduce memory usage. Loaded Objects now: 2723.
Total: 2.000400 ms (FindLiveObjects: 0.215800 ms CreateObjectMapping: 0.052900 ms MarkObjects: 1.629100 ms  DeleteObjects: 0.101700 ms)

========================================================================
Received Prepare
Registering precompiled user dll's ...
Registered in 0.002896 seconds.
Begin MonoManager ReloadAssembly
Native extension for WindowsStandalone target not found
Refreshing native plugins compatible for Editor in 0.43 ms, found 3 plugins.
Preloading 0 native plugins for Editor in 0.00 ms.
Mono: successfully reloaded assembly
- Completed reload, in  0.749 seconds
Platform modules already initialized, skipping
Refreshing native plugins compatible for Editor in 0.44 ms, found 3 plugins.
Preloading 0 native plugins for Editor in 0.00 ms.
Unloading 2081 Unused Serialized files (Serialized files now loaded: 0)
System memory in use before: 93.5 MB.
System memory in use after: 93.6 MB.

Unloading 21 unused Assets to reduce memory usage. Loaded Objects now: 2727.
Total: 2.033000 ms (FindLiveObjects: 0.231000 ms CreateObjectMapping: 0.074700 ms MarkObjects: 1.622000 ms  DeleteObjects: 0.104400 ms)

========================================================================
Received Prepare
Registering precompiled user dll's ...
Registered in 0.002890 seconds.
Begin MonoManager ReloadAssembly
Native extension for WindowsStandalone target not found
Refreshing native plugins compatible for Editor in 0.44 ms, found 3 plugins.
Preloading 0 native plugins for Editor in 0.00 ms.
Mono: successfully reloaded assembly
- Completed reload, in  0.760 seconds
Platform modules already initialized, skipping
Refreshing native plugins compatible for Editor in 0.43 ms, found 3 plugins.
Preloading 0 native plugins for Editor in 0.00 ms.
Unloading 2081 Unused Serialized files (Serialized files now loaded: 0)
System memory in use before: 93.5 MB.
System memory in use after: 93.6 MB.

Unloading 21 unused Assets to reduce memory usage. Loaded Objects now: 2731.
Total: 1.911300 ms (FindLiveObjects: 0.212800 ms CreateObjectMapping: 0.051500 ms MarkObjects: 1.549900 ms  DeleteObjects: 0.095900 ms)

========================================================================
Received Prepare
Registering precompiled user dll's ...
Registered in 0.003122 seconds.
Begin MonoManager ReloadAssembly
Native extension for WindowsStandalone target not found
Refreshing native plugins compatible for Editor in 0.42 ms, found 3 plugins.
Preloading 0 native plugins for Editor in 0.00 ms.
Mono: successfully reloaded assembly
- Completed reload, in  0.759 seconds
Platform modules already initialized, skipping
Refreshing native plugins compatible for Editor in 0.43 ms, found 3 plugins.
Preloading 0 native plugins for Editor in 0.00 ms.
Unloading 2081 Unused Serialized files (Serialized files now loaded: 0)
System memory in use before: 93.5 MB.
System memory in use after: 93.6 MB.

Unloading 21 unused Assets to reduce memory usage. Loaded Objects now: 2735.
Total: 2.026400 ms (FindLiveObjects: 0.213700 ms CreateObjectMapping: 0.051500 ms MarkObjects: 1.659500 ms  DeleteObjects: 0.100900 ms)

========================================================================
Received Import Request.
  Time since last request: 127.275079 seconds.
  path: Assets/Scripts/Ship
  artifactKey: Guid(0d8b621c7824c48478f8a65028646394) Importer(815301076,1909f56bfc062723c751e8b465ee728b)
Start importing Assets/Scripts/Ship using Guid(0d8b621c7824c48478f8a65028646394) Importer(815301076,1909f56bfc062723c751e8b465ee728b)  -> (artifact id: 'd71d44da13db90df743aa3064ec069b0') in 0.007856 seconds
  Import took 0.010910 seconds .

========================================================================
Received Import Request.
  Time since last request: 1.540046 seconds.
  path: Assets/Scripts/Spaceship.cs
  artifactKey: Guid(964eb5ea32172d84ba1e03e3cdd33be7) Importer(815301076,1909f56bfc062723c751e8b465ee728b)
Start importing Assets/Scripts/Spaceship.cs using Guid(964eb5ea32172d84ba1e03e3cdd33be7) Importer(815301076,1909f56bfc062723c751e8b465ee728b)  -> (artifact id: '03e2863e92ecc1a20d07c0296f0ae533') in 0.001667 seconds
  Import took 0.004401 seconds .

========================================================================
Received Import Request.
  Time since last request: 0.000283 seconds.
  path: Assets/Scripts/Spaceship.cs
  artifactKey: Guid(964eb5ea32172d84ba1e03e3cdd33be7) Importer(815301076,1909f56bfc062723c751e8b465ee728b)
Start importing Assets/Scripts/Spaceship.cs using Guid(964eb5ea32172d84ba1e03e3cdd33be7) Importer(815301076,1909f56bfc062723c751e8b465ee728b)  -> (artifact id: '03e2863e92ecc1a20d07c0296f0ae533') in 0.001528 seconds
  Import took 0.003880 seconds .

========================================================================
Received Prepare
Registering precompiled user dll's ...
Registered in 0.003438 seconds.
Begin MonoManager ReloadAssembly
Native extension for WindowsStandalone target not found
Refreshing native plugins compatible for Editor in 0.50 ms, found 3 plugins.
Preloading 0 native plugins for Editor in 0.00 ms.
Mono: successfully reloaded assembly
- Completed reload, in  0.803 seconds
Platform modules already initialized, skipping
Refreshing native plugins compatible for Editor in 0.46 ms, found 3 plugins.
Preloading 0 native plugins for Editor in 0.00 ms.
Unloading 2081 Unused Serialized files (Serialized files now loaded: 0)
System memory in use before: 93.5 MB.
System memory in use after: 93.6 MB.

Unloading 21 unused Assets to reduce memory usage. Loaded Objects now: 2739.
Total: 1.966500 ms (FindLiveObjects: 0.206500 ms CreateObjectMapping: 0.052300 ms MarkObjects: 1.604500 ms  DeleteObjects: 0.102500 ms)

========================================================================
Received Prepare
Registering precompiled user dll's ...
Registered in 0.003216 seconds.
Begin MonoManager ReloadAssembly
Native extension for WindowsStandalone target not found
Refreshing native plugins compatible for Editor in 0.65 ms, found 3 plugins.
Preloading 0 native plugins for Editor in 0.00 ms.
Mono: successfully reloaded assembly
- Completed reload, in  0.901 seconds
Platform modules already initialized, skipping
Refreshing native plugins compatible for Editor in 0.45 ms, found 3 plugins.
Preloading 0 native plugins for Editor in 0.00 ms.
Unloading 2081 Unused Serialized files (Serialized files now loaded: 0)
System memory in use before: 93.5 MB.
System memory in use after: 93.6 MB.

Unloading 21 unused Assets to reduce memory usage. Loaded Objects now: 2743.
Total: 1.994900 ms (FindLiveObjects: 0.240500 ms CreateObjectMapping: 0.053900 ms MarkObjects: 1.602000 ms  DeleteObjects: 0.097600 ms)

========================================================================
Received Import Request.
  Time since last request: 20.184765 seconds.
  path: Assets/Scripts/Ships
  artifactKey: Guid(0d8b621c7824c48478f8a65028646394) Importer(815301076,1909f56bfc062723c751e8b465ee728b)
Start importing Assets/Scripts/Ships using Guid(0d8b621c7824c48478f8a65028646394) Importer(815301076,1909f56bfc062723c751e8b465ee728b)  -> (artifact id: '3fc3551c3eb1cc5ebd8797299eceb7b9') in 0.007638 seconds
  Import took 0.010805 seconds .

========================================================================
Received Prepare
Registering precompiled user dll's ...
Registered in 0.004244 seconds.
Begin MonoManager ReloadAssembly
Native extension for WindowsStandalone target not found
Refreshing native plugins compatible for Editor in 0.45 ms, found 3 plugins.
Preloading 0 native plugins for Editor in 0.00 ms.
Mono: successfully reloaded assembly
- Completed reload, in  0.794 seconds
Platform modules already initialized, skipping
Refreshing native plugins compatible for Editor in 0.40 ms, found 3 plugins.
Preloading 0 native plugins for Editor in 0.00 ms.
Unloading 2081 Unused Serialized files (Serialized files now loaded: 0)
System memory in use before: 93.5 MB.
System memory in use after: 93.6 MB.

Unloading 21 unused Assets to reduce memory usage. Loaded Objects now: 2747.
Total: 1.954200 ms (FindLiveObjects: 0.214300 ms CreateObjectMapping: 0.052000 ms MarkObjects: 1.592600 ms  DeleteObjects: 0.094400 ms)

========================================================================
Received Import Request.
  Time since last request: 7.602382 seconds.
  path: Packages/com.unity.2d.spriteshape/Editor/ObjectMenuCreation/DefaultAssets/Sprite Shapes/Closed Sprite Shape.prefab
  artifactKey: Guid(c0583b4e855c74b8c82e7b9b5efb5ce9) Importer(815301076,1909f56bfc062723c751e8b465ee728b)
Start importing Packages/com.unity.2d.spriteshape/Editor/ObjectMenuCreation/DefaultAssets/Sprite Shapes/Closed Sprite Shape.prefab using Guid(c0583b4e855c74b8c82e7b9b5efb5ce9) Importer(815301076,1909f56bfc062723c751e8b465ee728b)  -> (artifact id: '2cce7a24742fd5e8a8ab2da20c69032f') in 0.051429 seconds
  Import took 0.055219 seconds .

========================================================================
Received Import Request.
  Time since last request: 0.000195 seconds.
  path: Packages/com.unity.2d.spriteshape/Editor/ObjectMenuCreation/DefaultAssets/Sprite Shapes/Open Sprite Shape.prefab
  artifactKey: Guid(86ae7de409eb54f619fb1328e4d42480) Importer(815301076,1909f56bfc062723c751e8b465ee728b)
Start importing Packages/com.unity.2d.spriteshape/Editor/ObjectMenuCreation/DefaultAssets/Sprite Shapes/Open Sprite Shape.prefab using Guid(86ae7de409eb54f619fb1328e4d42480) Importer(815301076,1909f56bfc062723c751e8b465ee728b)  -> (artifact id: 'bdee885e51b9ccf0fcef3a7dbe274ecc') in 0.008866 seconds
  Import took 0.012188 seconds .

========================================================================
Received Import Request.
  Time since last request: 0.011393 seconds.
  path: Packages/com.unity.2d.spriteshape/Editor/ObjectMenuCreation/DefaultAssets/Sprite Shapes/Closed Sprite Shape.prefab
  artifactKey: Guid(c0583b4e855c74b8c82e7b9b5efb5ce9) Importer(815301076,1909f56bfc062723c751e8b465ee728b)
Start importing Packages/com.unity.2d.spriteshape/Editor/ObjectMenuCreation/DefaultAssets/Sprite Shapes/Closed Sprite Shape.prefab using Guid(c0583b4e855c74b8c82e7b9b5efb5ce9) Importer(815301076,1909f56bfc062723c751e8b465ee728b)  -> (artifact id: '2cce7a24742fd5e8a8ab2da20c69032f') in 0.004887 seconds
  Import took 0.008234 seconds .

AssetImportWorkerClient::OnTransportError - code=2 error=End of file
