Using pre-set license
Built from '2020.3/staging' branch; Version is '2020.3.11f1 (99c7afb366b3) revision 10078127'; Using compiler version '192528614'; Build Type 'Release'
OS: 'Windows 10 Pro; OS build 19042.985; Version 2009; 64bit' Language: 'en' Physical Memory: 32694 MB
BatchMode: 1, IsHumanControllingUs: 0, StartBugReporterOnCrash: 0, Is64bit: 1, IsPro: 0

 COMMAND LINE ARGUMENTS:
C:\Program Files\Unity\Hub\Editor\2020.3.11f1\Editor\Unity.exe
-adb2
-batchMode
-noUpm
-name
AssetImportWorker0
-projectPath
C:/Users/pigi/Space Shooter 2D
-logFile
Logs/AssetImportWorker0.log
-srvPort
57314
Successfully changed project path to: C:/Users/pigi/Space Shooter 2D
C:/Users/pigi/Space Shooter 2D
Using Asset Import Pipeline V2.
Refreshing native plugins compatible for Editor in 39.38 ms, found 3 plugins.
Preloading 0 native plugins for Editor in 0.00 ms.
Initialize engine version: 2020.3.11f1 (99c7afb366b3)
[Subsystems] Discovering subsystems at path C:/Program Files/Unity/Hub/Editor/2020.3.11f1/Editor/Data/Resources/UnitySubsystems
[Subsystems] Discovering subsystems at path C:/Users/pigi/Space Shooter 2D/Assets
GfxDevice: creating device client; threaded=0
Direct3D:
    Version:  Direct3D 11.0 [level 11.1]
    Renderer: NVIDIA GeForce RTX 3070 (ID=0x2484)
    Vendor:   
    VRAM:     8043 MB
    Driver:   27.21.14.6627
Initialize mono
Mono path[0] = 'C:/Program Files/Unity/Hub/Editor/2020.3.11f1/Editor/Data/Managed'
Mono path[1] = 'C:/Program Files/Unity/Hub/Editor/2020.3.11f1/Editor/Data/MonoBleedingEdge/lib/mono/unityjit'
Mono config path = 'C:/Program Files/Unity/Hub/Editor/2020.3.11f1/Editor/Data/MonoBleedingEdge/etc'
Using monoOptions --debugger-agent=transport=dt_socket,embedding=1,server=y,suspend=n,address=127.0.0.1:56952
Begin MonoManager ReloadAssembly
Registering precompiled unity dll's ...
Register platform support module: C:/Program Files/Unity/Hub/Editor/2020.3.11f1/Editor/Data/PlaybackEngines/WindowsStandaloneSupport/UnityEditor.WindowsStandalone.Extensions.dll
Registered in 0.001530 seconds.
Native extension for WindowsStandalone target not found
Refreshing native plugins compatible for Editor in 41.36 ms, found 3 plugins.
Preloading 0 native plugins for Editor in 0.00 ms.
Mono: successfully reloaded assembly
- Completed reload, in  1.448 seconds
Platform modules already initialized, skipping
Registering precompiled user dll's ...
Registered in 0.003117 seconds.
Begin MonoManager ReloadAssembly
Native extension for WindowsStandalone target not found
Refreshing native plugins compatible for Editor in 40.02 ms, found 3 plugins.
Preloading 0 native plugins for Editor in 0.00 ms.
Mono: successfully reloaded assembly
- Completed reload, in  0.892 seconds
Platform modules already initialized, skipping
========================================================================
Worker process is ready to serve import requests
Launched and connected shader compiler UnityShaderCompiler.exe after 0.03 seconds
Refreshing native plugins compatible for Editor in 0.50 ms, found 3 plugins.
Preloading 0 native plugins for Editor in 0.00 ms.
Unloading 2121 Unused Serialized files (Serialized files now loaded: 0)
System memory in use before: 94.7 MB.
System memory in use after: 94.7 MB.

Unloading 33 unused Assets to reduce memory usage. Loaded Objects now: 2563.
Total: 1.900000 ms (FindLiveObjects: 0.180200 ms CreateObjectMapping: 0.046600 ms MarkObjects: 1.568800 ms  DeleteObjects: 0.103300 ms)

========================================================================
Received Import Request.
  path: Assets/Scripts/LevelLoader.cs
  artifactKey: Guid(239f8d5adaa5c1147b2a5d23755e87b6) Importer(815301076,1909f56bfc062723c751e8b465ee728b)
Start importing Assets/Scripts/LevelLoader.cs using Guid(239f8d5adaa5c1147b2a5d23755e87b6) Importer(815301076,1909f56bfc062723c751e8b465ee728b)  -> (artifact id: 'f012813b5438e5e6829b871394190669') in 0.023263 seconds
  Import took 0.026056 seconds .

========================================================================
Received Import Request.
  Time since last request: 0.450561 seconds.
  path: Assets/Scripts/UpgradeLogic.cs
  artifactKey: Guid(da568f50ec5c8ce479481778ecb8c379) Importer(815301076,1909f56bfc062723c751e8b465ee728b)
Start importing Assets/Scripts/UpgradeLogic.cs using Guid(da568f50ec5c8ce479481778ecb8c379) Importer(815301076,1909f56bfc062723c751e8b465ee728b)  -> (artifact id: '6e8c6ca400b0792c1fff51cbc8405a19') in 0.005304 seconds
  Import took 0.008479 seconds .

========================================================================
Received Import Request.
  Time since last request: 0.017985 seconds.
  path: Assets/Scripts/UpgradeLogic.cs
  artifactKey: Guid(da568f50ec5c8ce479481778ecb8c379) Importer(815301076,1909f56bfc062723c751e8b465ee728b)
Start importing Assets/Scripts/UpgradeLogic.cs using Guid(da568f50ec5c8ce479481778ecb8c379) Importer(815301076,1909f56bfc062723c751e8b465ee728b)  -> (artifact id: '6e8c6ca400b0792c1fff51cbc8405a19') in 0.002295 seconds
  Import took 0.005175 seconds .

========================================================================
Received Import Request.
  Time since last request: 5.836387 seconds.
  path: Assets/Scripts/SoundLoader.cs
  artifactKey: Guid(d5f2b1cc3c64c994abd95e7487fa0ede) Importer(815301076,1909f56bfc062723c751e8b465ee728b)
Start importing Assets/Scripts/SoundLoader.cs using Guid(d5f2b1cc3c64c994abd95e7487fa0ede) Importer(815301076,1909f56bfc062723c751e8b465ee728b)  -> (artifact id: 'ed7ae15995189f2f7cdad800f2dde2d9') in 0.005780 seconds
  Import took 0.008768 seconds .

========================================================================
Received Import Request.
  Time since last request: 1.051132 seconds.
  path: Assets/Scripts/SoundController.cs
  artifactKey: Guid(aec2d2b079d3c7d4a8ebd82d28977762) Importer(815301076,1909f56bfc062723c751e8b465ee728b)
Start importing Assets/Scripts/SoundController.cs using Guid(aec2d2b079d3c7d4a8ebd82d28977762) Importer(815301076,1909f56bfc062723c751e8b465ee728b)  -> (artifact id: 'ffaa60b7b1f1095b6b35cb2a12377ff7') in 0.005621 seconds
  Import took 0.008597 seconds .

========================================================================
Received Import Request.
  Time since last request: 0.983505 seconds.
  path: Assets/Scripts/Scrolling.cs
  artifactKey: Guid(949ec5671d7a81e41959f850390fd6ee) Importer(815301076,1909f56bfc062723c751e8b465ee728b)
Start importing Assets/Scripts/Scrolling.cs using Guid(949ec5671d7a81e41959f850390fd6ee) Importer(815301076,1909f56bfc062723c751e8b465ee728b)  -> (artifact id: '254137f5ebcfffb3f736c4a634f5407b') in 0.005267 seconds
  Import took 0.008173 seconds .

========================================================================
Received Import Request.
  Time since last request: 1.482182 seconds.
  path: Assets/Scripts/SceneManagerio.cs
  artifactKey: Guid(eaf0e8294d357c14f811f1aac74aaec7) Importer(815301076,1909f56bfc062723c751e8b465ee728b)
Start importing Assets/Scripts/SceneManagerio.cs using Guid(eaf0e8294d357c14f811f1aac74aaec7) Importer(815301076,1909f56bfc062723c751e8b465ee728b)  -> (artifact id: '7820738ba7f3e5f92fcd49783b52a84a') in 0.005520 seconds
  Import took 0.008520 seconds .

========================================================================
Received Import Request.
  Time since last request: 2.669415 seconds.
  path: Assets/Scripts/GAME_CONFIG.cs
  artifactKey: Guid(604b99615065a8d419d3fe0dfc3796a8) Importer(815301076,1909f56bfc062723c751e8b465ee728b)
Start importing Assets/Scripts/GAME_CONFIG.cs using Guid(604b99615065a8d419d3fe0dfc3796a8) Importer(815301076,1909f56bfc062723c751e8b465ee728b)  -> (artifact id: '6f0f7f270e150622a42136a738f41388') in 0.004944 seconds
  Import took 0.008119 seconds .

========================================================================
Received Import Request.
  Time since last request: 2.423116 seconds.
  path: Assets/Scripts/Enums.cs
  artifactKey: Guid(803eb68dfa30c0047ba4b318c6be89b6) Importer(815301076,1909f56bfc062723c751e8b465ee728b)
Start importing Assets/Scripts/Enums.cs using Guid(803eb68dfa30c0047ba4b318c6be89b6) Importer(815301076,1909f56bfc062723c751e8b465ee728b)  -> (artifact id: 'ddc15fce27b7638eadefeed4a5fc2cac') in 0.005069 seconds
  Import took 0.008056 seconds .

========================================================================
Received Import Request.
  Time since last request: 2.850623 seconds.
  path: Assets/Scripts/Game/Etc
  artifactKey: Guid(14755644fcb7e1a4c8f3123a9bfde777) Importer(815301076,1909f56bfc062723c751e8b465ee728b)
Start importing Assets/Scripts/Game/Etc using Guid(14755644fcb7e1a4c8f3123a9bfde777) Importer(815301076,1909f56bfc062723c751e8b465ee728b)  -> (artifact id: '45c46ca18de00873c6ee83de1b8d6e14') in 0.007480 seconds
  Import took 0.011261 seconds .

========================================================================
Received Import Request.
  Time since last request: 0.477645 seconds.
  path: Assets/Scripts/Game/GeneratePlayfield.cs
  artifactKey: Guid(bdab813004c9d504485120863b300a16) Importer(815301076,1909f56bfc062723c751e8b465ee728b)
Start importing Assets/Scripts/Game/GeneratePlayfield.cs using Guid(bdab813004c9d504485120863b300a16) Importer(815301076,1909f56bfc062723c751e8b465ee728b)  -> (artifact id: 'dd1efe8b49a8f698c85b5782339f632a') in 0.006175 seconds
  Import took 0.009199 seconds .

========================================================================
Received Import Request.
  Time since last request: 10.996412 seconds.
  path: Assets/Scripts/Game/Controllers/BulletController.cs
  artifactKey: Guid(bdb0a334bf23a6e4a9355e8ae21ab13b) Importer(815301076,1909f56bfc062723c751e8b465ee728b)
Start importing Assets/Scripts/Game/Controllers/BulletController.cs using Guid(bdb0a334bf23a6e4a9355e8ae21ab13b) Importer(815301076,1909f56bfc062723c751e8b465ee728b)  -> (artifact id: 'be5f8a658d842f6efb176eb53d60342d') in 0.006275 seconds
  Import took 0.009356 seconds .

========================================================================
Received Import Request.
  Time since last request: 0.961928 seconds.
  path: Assets/Scripts/Game/Controllers/EnemyController.cs
  artifactKey: Guid(cffbcfad398c5b84bbbd91f465d34d92) Importer(815301076,1909f56bfc062723c751e8b465ee728b)
Start importing Assets/Scripts/Game/Controllers/EnemyController.cs using Guid(cffbcfad398c5b84bbbd91f465d34d92) Importer(815301076,1909f56bfc062723c751e8b465ee728b)  -> (artifact id: '34bf73bc82a7da31b818668aee97e436') in 0.005079 seconds
  Import took 0.008065 seconds .

========================================================================
Received Import Request.
  Time since last request: 0.260317 seconds.
  path: Assets/Scripts/Game/Controllers/GameController.cs
  artifactKey: Guid(7822f7f486bcc28478e6d79c0f20aa26) Importer(815301076,1909f56bfc062723c751e8b465ee728b)
Start importing Assets/Scripts/Game/Controllers/GameController.cs using Guid(7822f7f486bcc28478e6d79c0f20aa26) Importer(815301076,1909f56bfc062723c751e8b465ee728b)  -> (artifact id: '415fbf08f18714184c29c8923b45518e') in 0.005744 seconds
  Import took 0.008657 seconds .

========================================================================
Received Import Request.
  Time since last request: 0.183327 seconds.
  path: Assets/Scripts/Game/Controllers/GameUIController.cs
  artifactKey: Guid(80c4aadbec7863747a75f86771dba84d) Importer(815301076,1909f56bfc062723c751e8b465ee728b)
Start importing Assets/Scripts/Game/Controllers/GameUIController.cs using Guid(80c4aadbec7863747a75f86771dba84d) Importer(815301076,1909f56bfc062723c751e8b465ee728b)  -> (artifact id: '22606c2e6be4b97b4b083db90535a48c') in 0.005812 seconds
  Import took 0.009159 seconds .

========================================================================
Received Import Request.
  Time since last request: 0.165261 seconds.
  path: Assets/Scripts/Game/Controllers/PowerUpController.cs
  artifactKey: Guid(04b4f33763132d543b7567d18942b525) Importer(815301076,1909f56bfc062723c751e8b465ee728b)
Start importing Assets/Scripts/Game/Controllers/PowerUpController.cs using Guid(04b4f33763132d543b7567d18942b525) Importer(815301076,1909f56bfc062723c751e8b465ee728b)  -> (artifact id: '9662a3cac7667b4ad7f9712dff5ff238') in 0.005155 seconds
  Import took 0.008402 seconds .

========================================================================
Received Prepare
Registering precompiled user dll's ...
Registered in 0.003037 seconds.
Begin MonoManager ReloadAssembly
Native extension for WindowsStandalone target not found
Refreshing native plugins compatible for Editor in 0.48 ms, found 3 plugins.
Preloading 0 native plugins for Editor in 0.00 ms.
Mono: successfully reloaded assembly
- Completed reload, in  0.798 seconds
Platform modules already initialized, skipping
Refreshing native plugins compatible for Editor in 0.50 ms, found 3 plugins.
Preloading 0 native plugins for Editor in 0.00 ms.
Unloading 2116 Unused Serialized files (Serialized files now loaded: 0)
System memory in use before: 94.7 MB.
System memory in use after: 94.7 MB.

Unloading 21 unused Assets to reduce memory usage. Loaded Objects now: 2567.
Total: 1.861600 ms (FindLiveObjects: 0.180600 ms CreateObjectMapping: 0.046500 ms MarkObjects: 1.542100 ms  DeleteObjects: 0.091400 ms)

========================================================================
Received Prepare
Registering precompiled user dll's ...
Registered in 0.003080 seconds.
Begin MonoManager ReloadAssembly
Native extension for WindowsStandalone target not found
Refreshing native plugins compatible for Editor in 0.49 ms, found 3 plugins.
Preloading 0 native plugins for Editor in 0.00 ms.
Mono: successfully reloaded assembly
- Completed reload, in  0.781 seconds
Platform modules already initialized, skipping
Refreshing native plugins compatible for Editor in 0.49 ms, found 3 plugins.
Preloading 0 native plugins for Editor in 0.00 ms.
Unloading 2116 Unused Serialized files (Serialized files now loaded: 0)
System memory in use before: 94.7 MB.
System memory in use after: 94.7 MB.

Unloading 21 unused Assets to reduce memory usage. Loaded Objects now: 2571.
Total: 1.863300 ms (FindLiveObjects: 0.167200 ms CreateObjectMapping: 0.045700 ms MarkObjects: 1.554600 ms  DeleteObjects: 0.094800 ms)

========================================================================
Received Prepare
Registering precompiled user dll's ...
Registered in 0.003034 seconds.
Begin MonoManager ReloadAssembly
Native extension for WindowsStandalone target not found
Refreshing native plugins compatible for Editor in 0.48 ms, found 3 plugins.
Preloading 0 native plugins for Editor in 0.00 ms.
Mono: successfully reloaded assembly
- Completed reload, in  0.788 seconds
Platform modules already initialized, skipping
Refreshing native plugins compatible for Editor in 0.49 ms, found 3 plugins.
Preloading 0 native plugins for Editor in 0.00 ms.
Unloading 2116 Unused Serialized files (Serialized files now loaded: 0)
System memory in use before: 94.8 MB.
System memory in use after: 94.7 MB.

Unloading 21 unused Assets to reduce memory usage. Loaded Objects now: 2575.
Total: 1.876300 ms (FindLiveObjects: 0.173900 ms CreateObjectMapping: 0.046800 ms MarkObjects: 1.561700 ms  DeleteObjects: 0.092600 ms)

========================================================================
Received Prepare
Registering precompiled user dll's ...
Registered in 0.003180 seconds.
Begin MonoManager ReloadAssembly
Native extension for WindowsStandalone target not found
Refreshing native plugins compatible for Editor in 0.48 ms, found 3 plugins.
Preloading 0 native plugins for Editor in 0.00 ms.
Mono: successfully reloaded assembly
- Completed reload, in  0.781 seconds
Platform modules already initialized, skipping
Refreshing native plugins compatible for Editor in 0.49 ms, found 3 plugins.
Preloading 0 native plugins for Editor in 0.00 ms.
Unloading 2116 Unused Serialized files (Serialized files now loaded: 0)
System memory in use before: 94.8 MB.
System memory in use after: 94.8 MB.

Unloading 21 unused Assets to reduce memory usage. Loaded Objects now: 2579.
Total: 1.834000 ms (FindLiveObjects: 0.173100 ms CreateObjectMapping: 0.047100 ms MarkObjects: 1.527100 ms  DeleteObjects: 0.086200 ms)

========================================================================
Received Prepare
Registering precompiled user dll's ...
Registered in 0.003158 seconds.
Begin MonoManager ReloadAssembly
Native extension for WindowsStandalone target not found
Refreshing native plugins compatible for Editor in 0.47 ms, found 3 plugins.
Preloading 0 native plugins for Editor in 0.00 ms.
Mono: successfully reloaded assembly
- Completed reload, in  0.778 seconds
Platform modules already initialized, skipping
Refreshing native plugins compatible for Editor in 0.48 ms, found 3 plugins.
Preloading 0 native plugins for Editor in 0.00 ms.
Unloading 2116 Unused Serialized files (Serialized files now loaded: 0)
System memory in use before: 94.8 MB.
System memory in use after: 94.8 MB.

Unloading 21 unused Assets to reduce memory usage. Loaded Objects now: 2583.
Total: 1.856300 ms (FindLiveObjects: 0.178500 ms CreateObjectMapping: 0.048600 ms MarkObjects: 1.541500 ms  DeleteObjects: 0.087000 ms)

========================================================================
Received Prepare
Registering precompiled user dll's ...
Registered in 0.003785 seconds.
Begin MonoManager ReloadAssembly
Native extension for WindowsStandalone target not found
Refreshing native plugins compatible for Editor in 0.48 ms, found 3 plugins.
Preloading 0 native plugins for Editor in 0.00 ms.
Mono: successfully reloaded assembly
- Completed reload, in  0.789 seconds
Platform modules already initialized, skipping
Refreshing native plugins compatible for Editor in 0.49 ms, found 3 plugins.
Preloading 0 native plugins for Editor in 0.00 ms.
Unloading 2116 Unused Serialized files (Serialized files now loaded: 0)
System memory in use before: 94.8 MB.
System memory in use after: 94.8 MB.

Unloading 21 unused Assets to reduce memory usage. Loaded Objects now: 2587.
Total: 1.929400 ms (FindLiveObjects: 0.198500 ms CreateObjectMapping: 0.047900 ms MarkObjects: 1.588600 ms  DeleteObjects: 0.093500 ms)

========================================================================
Received Prepare
Registering precompiled user dll's ...
Registered in 0.003050 seconds.
Begin MonoManager ReloadAssembly
Native extension for WindowsStandalone target not found
Refreshing native plugins compatible for Editor in 0.51 ms, found 3 plugins.
Preloading 0 native plugins for Editor in 0.00 ms.
Mono: successfully reloaded assembly
- Completed reload, in  0.787 seconds
Platform modules already initialized, skipping
Refreshing native plugins compatible for Editor in 0.48 ms, found 3 plugins.
Preloading 0 native plugins for Editor in 0.00 ms.
Unloading 2116 Unused Serialized files (Serialized files now loaded: 0)
System memory in use before: 94.8 MB.
System memory in use after: 94.8 MB.

Unloading 21 unused Assets to reduce memory usage. Loaded Objects now: 2591.
Total: 1.859500 ms (FindLiveObjects: 0.188900 ms CreateObjectMapping: 0.046900 ms MarkObjects: 1.537500 ms  DeleteObjects: 0.085500 ms)

========================================================================
Received Prepare
Registering precompiled user dll's ...
Registered in 0.003074 seconds.
Begin MonoManager ReloadAssembly
Native extension for WindowsStandalone target not found
Refreshing native plugins compatible for Editor in 0.48 ms, found 3 plugins.
Preloading 0 native plugins for Editor in 0.00 ms.
Mono: successfully reloaded assembly
- Completed reload, in  0.772 seconds
Platform modules already initialized, skipping
Refreshing native plugins compatible for Editor in 0.47 ms, found 3 plugins.
Preloading 0 native plugins for Editor in 0.00 ms.
Unloading 2116 Unused Serialized files (Serialized files now loaded: 0)
System memory in use before: 94.8 MB.
System memory in use after: 94.8 MB.

Unloading 21 unused Assets to reduce memory usage. Loaded Objects now: 2595.
Total: 1.846800 ms (FindLiveObjects: 0.173200 ms CreateObjectMapping: 0.052300 ms MarkObjects: 1.529000 ms  DeleteObjects: 0.091500 ms)

========================================================================
Received Prepare
Registering precompiled user dll's ...
Registered in 0.003069 seconds.
Begin MonoManager ReloadAssembly
Native extension for WindowsStandalone target not found
Refreshing native plugins compatible for Editor in 0.48 ms, found 3 plugins.
Preloading 0 native plugins for Editor in 0.00 ms.
Mono: successfully reloaded assembly
- Completed reload, in  0.779 seconds
Platform modules already initialized, skipping
Refreshing native plugins compatible for Editor in 0.52 ms, found 3 plugins.
Preloading 0 native plugins for Editor in 0.00 ms.
Unloading 2116 Unused Serialized files (Serialized files now loaded: 0)
System memory in use before: 94.8 MB.
System memory in use after: 94.8 MB.

Unloading 21 unused Assets to reduce memory usage. Loaded Objects now: 2599.
Total: 1.878500 ms (FindLiveObjects: 0.186000 ms CreateObjectMapping: 0.047700 ms MarkObjects: 1.550300 ms  DeleteObjects: 0.093600 ms)

========================================================================
Received Prepare
Registering precompiled user dll's ...
Registered in 0.003123 seconds.
Begin MonoManager ReloadAssembly
Native extension for WindowsStandalone target not found
Refreshing native plugins compatible for Editor in 0.49 ms, found 3 plugins.
Preloading 0 native plugins for Editor in 0.00 ms.
Mono: successfully reloaded assembly
- Completed reload, in  0.838 seconds
Platform modules already initialized, skipping
Refreshing native plugins compatible for Editor in 0.49 ms, found 3 plugins.
Preloading 0 native plugins for Editor in 0.00 ms.
Unloading 2116 Unused Serialized files (Serialized files now loaded: 0)
System memory in use before: 94.8 MB.
System memory in use after: 94.8 MB.

Unloading 21 unused Assets to reduce memory usage. Loaded Objects now: 2603.
Total: 1.855900 ms (FindLiveObjects: 0.171100 ms CreateObjectMapping: 0.046300 ms MarkObjects: 1.547300 ms  DeleteObjects: 0.090400 ms)

========================================================================
Received Prepare
Registering precompiled user dll's ...
Registered in 0.003295 seconds.
Begin MonoManager ReloadAssembly
Native extension for WindowsStandalone target not found
Refreshing native plugins compatible for Editor in 0.51 ms, found 3 plugins.
Preloading 0 native plugins for Editor in 0.00 ms.
Mono: successfully reloaded assembly
- Completed reload, in  0.782 seconds
Platform modules already initialized, skipping
Refreshing native plugins compatible for Editor in 0.48 ms, found 3 plugins.
Preloading 0 native plugins for Editor in 0.00 ms.
Unloading 2116 Unused Serialized files (Serialized files now loaded: 0)
System memory in use before: 94.9 MB.
System memory in use after: 94.8 MB.

Unloading 21 unused Assets to reduce memory usage. Loaded Objects now: 2607.
Total: 1.822300 ms (FindLiveObjects: 0.170100 ms CreateObjectMapping: 0.045700 ms MarkObjects: 1.518200 ms  DeleteObjects: 0.087500 ms)

========================================================================
Received Import Request.
  Time since last request: 3948.085798 seconds.
  path: Assets/Sprites/PNG/Lasers/laserBlue01.png
  artifactKey: Guid(68f4e31473e7bfe44b827f00719da2fe) Importer(815301076,1909f56bfc062723c751e8b465ee728b)
Start importing Assets/Sprites/PNG/Lasers/laserBlue01.png using Guid(68f4e31473e7bfe44b827f00719da2fe) Importer(815301076,1909f56bfc062723c751e8b465ee728b)  -> (artifact id: 'a98dd63638e4c34ab6bbcd2a4b7080f4') in 0.083420 seconds
  Import took 0.086401 seconds .

========================================================================
Received Prepare
Registering precompiled user dll's ...
Registered in 0.003138 seconds.
Begin MonoManager ReloadAssembly
Native extension for WindowsStandalone target not found
Refreshing native plugins compatible for Editor in 0.48 ms, found 3 plugins.
Preloading 0 native plugins for Editor in 0.00 ms.
Mono: successfully reloaded assembly
- Completed reload, in  0.783 seconds
Platform modules already initialized, skipping
Refreshing native plugins compatible for Editor in 0.51 ms, found 3 plugins.
Preloading 0 native plugins for Editor in 0.00 ms.
Unloading 2116 Unused Serialized files (Serialized files now loaded: 0)
System memory in use before: 97.8 MB.
System memory in use after: 97.8 MB.

Unloading 21 unused Assets to reduce memory usage. Loaded Objects now: 2617.
Total: 1.869600 ms (FindLiveObjects: 0.174600 ms CreateObjectMapping: 0.046500 ms MarkObjects: 1.561000 ms  DeleteObjects: 0.086900 ms)

========================================================================
Received Import Request.
  Time since last request: 151.708183 seconds.
  path: Assets/Sprites/PNG/Lasers/laserBlue05.png
  artifactKey: Guid(866a96ee1406ae54aa37baf6a29327d7) Importer(815301076,1909f56bfc062723c751e8b465ee728b)
Start importing Assets/Sprites/PNG/Lasers/laserBlue05.png using Guid(866a96ee1406ae54aa37baf6a29327d7) Importer(815301076,1909f56bfc062723c751e8b465ee728b)  -> (artifact id: '2b09c5ac335c30d6aa2e0815a0cf00ab') in 0.039540 seconds
  Import took 0.043506 seconds .

========================================================================
Received Import Request.
  Time since last request: 24.921326 seconds.
  path: Assets/Sprites/PNG/Lasers/laserBlue02.png
  artifactKey: Guid(426a1742eef83c24986d802ceeb7e897) Importer(815301076,1909f56bfc062723c751e8b465ee728b)
Start importing Assets/Sprites/PNG/Lasers/laserBlue02.png using Guid(426a1742eef83c24986d802ceeb7e897) Importer(815301076,1909f56bfc062723c751e8b465ee728b)  -> (artifact id: '75ec5fffeff9ffa4095c4aff9d1084f3') in 0.009325 seconds
  Import took 0.012414 seconds .

========================================================================
Received Import Request.
  Time since last request: 22.598299 seconds.
  path: Assets/Sprites/PNG/Lasers/laserRed05.png
  artifactKey: Guid(e8fcb7544f568c64ebc560a13592d47d) Importer(815301076,1909f56bfc062723c751e8b465ee728b)
Start importing Assets/Sprites/PNG/Lasers/laserRed05.png using Guid(e8fcb7544f568c64ebc560a13592d47d) Importer(815301076,1909f56bfc062723c751e8b465ee728b)  -> (artifact id: 'b8771d7cd4d3120ade2619c8bb4e2d1c') in 0.008126 seconds
  Import took 0.011220 seconds .

========================================================================
Received Import Request.
  Time since last request: 0.004355 seconds.
  path: Assets/Sprites/PNG/Lasers/laserRed05.png
  artifactKey: Guid(e8fcb7544f568c64ebc560a13592d47d) Importer(815301076,1909f56bfc062723c751e8b465ee728b)
Start importing Assets/Sprites/PNG/Lasers/laserRed05.png using Guid(e8fcb7544f568c64ebc560a13592d47d) Importer(815301076,1909f56bfc062723c751e8b465ee728b)  -> (artifact id: 'b8771d7cd4d3120ade2619c8bb4e2d1c') in 0.006895 seconds
  Import took 0.009926 seconds .

========================================================================
Received Prepare
Registering precompiled user dll's ...
Registered in 0.003263 seconds.
Begin MonoManager ReloadAssembly
Native extension for WindowsStandalone target not found
Refreshing native plugins compatible for Editor in 0.48 ms, found 3 plugins.
Preloading 0 native plugins for Editor in 0.00 ms.
Mono: successfully reloaded assembly
- Completed reload, in  0.779 seconds
Platform modules already initialized, skipping
Refreshing native plugins compatible for Editor in 0.47 ms, found 3 plugins.
Preloading 0 native plugins for Editor in 0.00 ms.
Unloading 2116 Unused Serialized files (Serialized files now loaded: 0)
System memory in use before: 97.8 MB.
System memory in use after: 97.8 MB.

Unloading 21 unused Assets to reduce memory usage. Loaded Objects now: 2626.
Total: 1.865200 ms (FindLiveObjects: 0.168700 ms CreateObjectMapping: 0.049500 ms MarkObjects: 1.553400 ms  DeleteObjects: 0.092900 ms)

========================================================================
Received Prepare
Registering precompiled user dll's ...
Registered in 0.003158 seconds.
Begin MonoManager ReloadAssembly
Native extension for WindowsStandalone target not found
Refreshing native plugins compatible for Editor in 0.49 ms, found 3 plugins.
Preloading 0 native plugins for Editor in 0.00 ms.
Mono: successfully reloaded assembly
- Completed reload, in  0.793 seconds
Platform modules already initialized, skipping
Refreshing native plugins compatible for Editor in 0.48 ms, found 3 plugins.
Preloading 0 native plugins for Editor in 0.00 ms.
Unloading 2116 Unused Serialized files (Serialized files now loaded: 0)
System memory in use before: 97.8 MB.
System memory in use after: 97.8 MB.

Unloading 21 unused Assets to reduce memory usage. Loaded Objects now: 2630.
Total: 1.869400 ms (FindLiveObjects: 0.172200 ms CreateObjectMapping: 0.046000 ms MarkObjects: 1.560400 ms  DeleteObjects: 0.090200 ms)

========================================================================
Received Import Request.
  Time since last request: 159.165767 seconds.
  path: Assets/Sprites/PNG/Lasers/laserBlue14.png
  artifactKey: Guid(1f9030aa64817ca4681f24a8474a3cc9) Importer(815301076,1909f56bfc062723c751e8b465ee728b)
Start importing Assets/Sprites/PNG/Lasers/laserBlue14.png using Guid(1f9030aa64817ca4681f24a8474a3cc9) Importer(815301076,1909f56bfc062723c751e8b465ee728b)  -> (artifact id: 'db490b4f47b0a62091e192e40cf764d0') in 0.040172 seconds
  Import took 0.043373 seconds .

========================================================================
Received Import Request.
  Time since last request: 12.314815 seconds.
  path: Assets/Sprites/PNG/Lasers/laserBlue14.png
  artifactKey: Guid(1f9030aa64817ca4681f24a8474a3cc9) Importer(815301076,1909f56bfc062723c751e8b465ee728b)
Start importing Assets/Sprites/PNG/Lasers/laserBlue14.png using Guid(1f9030aa64817ca4681f24a8474a3cc9) Importer(815301076,1909f56bfc062723c751e8b465ee728b)  -> (artifact id: '0221f61560d2db911c4d6baaf1d3aec0') in 0.005618 seconds
  Import took 0.008506 seconds .

========================================================================
Received Import Request.
  Time since last request: 64.909462 seconds.
  path: Assets/Sprites/PNG/Lasers/laserGreen04.png
  artifactKey: Guid(f5d06d1b8f28ce84c8d43a0196ab46c1) Importer(815301076,1909f56bfc062723c751e8b465ee728b)
Start importing Assets/Sprites/PNG/Lasers/laserGreen04.png using Guid(f5d06d1b8f28ce84c8d43a0196ab46c1) Importer(815301076,1909f56bfc062723c751e8b465ee728b)  -> (artifact id: '7e945d040d1ec9a701d4237e83669859') in 0.009360 seconds
  Import took 0.012770 seconds .

========================================================================
Received Import Request.
  Time since last request: 0.005975 seconds.
  path: Assets/Sprites/PNG/Lasers/laserGreen04.png
  artifactKey: Guid(f5d06d1b8f28ce84c8d43a0196ab46c1) Importer(815301076,1909f56bfc062723c751e8b465ee728b)
Start importing Assets/Sprites/PNG/Lasers/laserGreen04.png using Guid(f5d06d1b8f28ce84c8d43a0196ab46c1) Importer(815301076,1909f56bfc062723c751e8b465ee728b)  -> (artifact id: '7e945d040d1ec9a701d4237e83669859') in 0.006955 seconds
  Import took 0.009961 seconds .

========================================================================
Received Prepare
Registering precompiled user dll's ...
Registered in 0.003150 seconds.
Begin MonoManager ReloadAssembly
Native extension for WindowsStandalone target not found
Refreshing native plugins compatible for Editor in 0.50 ms, found 3 plugins.
Preloading 0 native plugins for Editor in 0.00 ms.
Mono: successfully reloaded assembly
- Completed reload, in  0.802 seconds
Platform modules already initialized, skipping
Refreshing native plugins compatible for Editor in 0.48 ms, found 3 plugins.
Preloading 0 native plugins for Editor in 0.00 ms.
Unloading 2116 Unused Serialized files (Serialized files now loaded: 0)
System memory in use before: 97.9 MB.
System memory in use after: 97.8 MB.

Unloading 21 unused Assets to reduce memory usage. Loaded Objects now: 2637.
Total: 2.254000 ms (FindLiveObjects: 0.205000 ms CreateObjectMapping: 0.048600 ms MarkObjects: 1.892000 ms  DeleteObjects: 0.107600 ms)

========================================================================
Received Import Request.
  Time since last request: 347.999646 seconds.
  path: Assets/Audio/393844__enviromaniac2__book-open.mp3
  artifactKey: Guid(aa04e4a92512c3c44a6e0239c1703175) Importer(815301076,1909f56bfc062723c751e8b465ee728b)
Start importing Assets/Audio/393844__enviromaniac2__book-open.mp3 using Guid(aa04e4a92512c3c44a6e0239c1703175) Importer(815301076,1909f56bfc062723c751e8b465ee728b)  -> (artifact id: '050b60d5229d578228c0ceede1a20599') in 0.041566 seconds
  Import took 0.044848 seconds .

========================================================================
Received Import Request.
  Time since last request: 10.225644 seconds.
  path: Assets/Audio/open up.mp3
  artifactKey: Guid(aa04e4a92512c3c44a6e0239c1703175) Importer(815301076,1909f56bfc062723c751e8b465ee728b)
Start importing Assets/Audio/open up.mp3 using Guid(aa04e4a92512c3c44a6e0239c1703175) Importer(815301076,1909f56bfc062723c751e8b465ee728b)  -> (artifact id: 'ab9dee8f7ab0e75c8f19d77ea614b4a4') in 0.009574 seconds
  Import took 0.012601 seconds .

========================================================================
Received Import Request.
  Time since last request: 0.000679 seconds.
  path: Assets/Audio/open up.mp3
  artifactKey: Guid(aa04e4a92512c3c44a6e0239c1703175) Importer(815301076,1909f56bfc062723c751e8b465ee728b)
Start importing Assets/Audio/open up.mp3 using Guid(aa04e4a92512c3c44a6e0239c1703175) Importer(815301076,1909f56bfc062723c751e8b465ee728b)  -> (artifact id: 'ab9dee8f7ab0e75c8f19d77ea614b4a4') in 0.006096 seconds
  Import took 0.008696 seconds .

========================================================================
Received Prepare
Registering precompiled user dll's ...
Registered in 0.003106 seconds.
Begin MonoManager ReloadAssembly
Native extension for WindowsStandalone target not found
Refreshing native plugins compatible for Editor in 0.56 ms, found 3 plugins.
Preloading 0 native plugins for Editor in 0.00 ms.
Mono: successfully reloaded assembly
- Completed reload, in  0.787 seconds
Platform modules already initialized, skipping
Refreshing native plugins compatible for Editor in 0.50 ms, found 3 plugins.
Preloading 0 native plugins for Editor in 0.00 ms.
Unloading 2116 Unused Serialized files (Serialized files now loaded: 0)
System memory in use before: 97.9 MB.
System memory in use after: 97.9 MB.

Unloading 21 unused Assets to reduce memory usage. Loaded Objects now: 2648.
Total: 1.922200 ms (FindLiveObjects: 0.178500 ms CreateObjectMapping: 0.047000 ms MarkObjects: 1.602700 ms  DeleteObjects: 0.092900 ms)

========================================================================
Received Import Request.
  Time since last request: 69.178994 seconds.
  path: Assets/Prefabs/Bullet.prefab
  artifactKey: Guid(825ecb5313223574dbd80b002d73dda9) Importer(815301076,1909f56bfc062723c751e8b465ee728b)
Start importing Assets/Prefabs/Bullet.prefab using Guid(825ecb5313223574dbd80b002d73dda9) Importer(815301076,1909f56bfc062723c751e8b465ee728b)  -> (artifact id: 'cd533b058d34cb15f7527f2c5242cd0d') in 0.045690 seconds
  Import took 0.049072 seconds .

========================================================================
Received Prepare
Registering precompiled user dll's ...
Registered in 0.003064 seconds.
Begin MonoManager ReloadAssembly
Native extension for WindowsStandalone target not found
Refreshing native plugins compatible for Editor in 0.50 ms, found 3 plugins.
Preloading 0 native plugins for Editor in 0.00 ms.
Mono: successfully reloaded assembly
- Completed reload, in  0.782 seconds
Platform modules already initialized, skipping
Refreshing native plugins compatible for Editor in 0.52 ms, found 3 plugins.
Preloading 0 native plugins for Editor in 0.00 ms.
Unloading 2116 Unused Serialized files (Serialized files now loaded: 0)
System memory in use before: 97.9 MB.
System memory in use after: 97.9 MB.

Unloading 21 unused Assets to reduce memory usage. Loaded Objects now: 2653.
Total: 2.012700 ms (FindLiveObjects: 0.191000 ms CreateObjectMapping: 0.048500 ms MarkObjects: 1.657100 ms  DeleteObjects: 0.115100 ms)

========================================================================
Received Prepare
Registering precompiled user dll's ...
Registered in 0.003147 seconds.
Begin MonoManager ReloadAssembly
Native extension for WindowsStandalone target not found
Refreshing native plugins compatible for Editor in 0.48 ms, found 3 plugins.
Preloading 0 native plugins for Editor in 0.00 ms.
Mono: successfully reloaded assembly
- Completed reload, in  0.784 seconds
Platform modules already initialized, skipping
Refreshing native plugins compatible for Editor in 0.52 ms, found 3 plugins.
Preloading 0 native plugins for Editor in 0.00 ms.
Unloading 2116 Unused Serialized files (Serialized files now loaded: 0)
System memory in use before: 98.0 MB.
System memory in use after: 97.9 MB.

Unloading 21 unused Assets to reduce memory usage. Loaded Objects now: 2657.
Total: 1.907900 ms (FindLiveObjects: 0.183200 ms CreateObjectMapping: 0.047500 ms MarkObjects: 1.581900 ms  DeleteObjects: 0.094300 ms)

========================================================================
Received Import Request.
  Time since last request: 111.097251 seconds.
  path: Assets/Audio/112581__roentgine__henit.wav
  artifactKey: Guid(5846387da6aa1e745a31995040556225) Importer(815301076,1909f56bfc062723c751e8b465ee728b)
Start importing Assets/Audio/112581__roentgine__henit.wav using Guid(5846387da6aa1e745a31995040556225) Importer(815301076,1909f56bfc062723c751e8b465ee728b)  -> (artifact id: 'ac4a3e15b4792404e3bfdca0a9cd7966') in 0.036355 seconds
  Import took 0.039332 seconds .

========================================================================
Received Prepare
Registering precompiled user dll's ...
Registered in 0.003664 seconds.
Begin MonoManager ReloadAssembly
Native extension for WindowsStandalone target not found
Refreshing native plugins compatible for Editor in 0.50 ms, found 3 plugins.
Preloading 0 native plugins for Editor in 0.00 ms.
Mono: successfully reloaded assembly
- Completed reload, in  0.786 seconds
Platform modules already initialized, skipping
Refreshing native plugins compatible for Editor in 0.48 ms, found 3 plugins.
Preloading 0 native plugins for Editor in 0.00 ms.
Unloading 2116 Unused Serialized files (Serialized files now loaded: 0)
System memory in use before: 98.0 MB.
System memory in use after: 98.0 MB.

Unloading 21 unused Assets to reduce memory usage. Loaded Objects now: 2662.
Total: 1.914900 ms (FindLiveObjects: 0.175000 ms CreateObjectMapping: 0.046000 ms MarkObjects: 1.597500 ms  DeleteObjects: 0.095700 ms)

========================================================================
Received Prepare
Registering precompiled user dll's ...
Registered in 0.003055 seconds.
Begin MonoManager ReloadAssembly
Native extension for WindowsStandalone target not found
Refreshing native plugins compatible for Editor in 0.48 ms, found 3 plugins.
Preloading 0 native plugins for Editor in 0.00 ms.
Mono: successfully reloaded assembly
- Completed reload, in  0.764 seconds
Platform modules already initialized, skipping
Refreshing native plugins compatible for Editor in 0.49 ms, found 3 plugins.
Preloading 0 native plugins for Editor in 0.00 ms.
Unloading 2116 Unused Serialized files (Serialized files now loaded: 0)
System memory in use before: 98.0 MB.
System memory in use after: 98.0 MB.

Unloading 21 unused Assets to reduce memory usage. Loaded Objects now: 2666.
Total: 1.882700 ms (FindLiveObjects: 0.171800 ms CreateObjectMapping: 0.045700 ms MarkObjects: 1.568200 ms  DeleteObjects: 0.096000 ms)

========================================================================
Received Prepare
Registering precompiled user dll's ...
Registered in 0.003103 seconds.
Begin MonoManager ReloadAssembly
Native extension for WindowsStandalone target not found
Refreshing native plugins compatible for Editor in 0.48 ms, found 3 plugins.
Preloading 0 native plugins for Editor in 0.00 ms.
Mono: successfully reloaded assembly
- Completed reload, in  0.764 seconds
Platform modules already initialized, skipping
Refreshing native plugins compatible for Editor in 0.49 ms, found 3 plugins.
Preloading 0 native plugins for Editor in 0.00 ms.
Unloading 2116 Unused Serialized files (Serialized files now loaded: 0)
System memory in use before: 98.0 MB.
System memory in use after: 98.0 MB.

Unloading 21 unused Assets to reduce memory usage. Loaded Objects now: 2670.
Total: 1.860100 ms (FindLiveObjects: 0.177000 ms CreateObjectMapping: 0.048300 ms MarkObjects: 1.541100 ms  DeleteObjects: 0.093000 ms)

========================================================================
Received Prepare
Registering precompiled user dll's ...
Registered in 0.003174 seconds.
Begin MonoManager ReloadAssembly
Native extension for WindowsStandalone target not found
Refreshing native plugins compatible for Editor in 0.48 ms, found 3 plugins.
Preloading 0 native plugins for Editor in 0.00 ms.
Mono: successfully reloaded assembly
- Completed reload, in  0.786 seconds
Platform modules already initialized, skipping
Refreshing native plugins compatible for Editor in 0.51 ms, found 3 plugins.
Preloading 0 native plugins for Editor in 0.00 ms.
Unloading 2116 Unused Serialized files (Serialized files now loaded: 0)
System memory in use before: 98.0 MB.
System memory in use after: 98.0 MB.

Unloading 21 unused Assets to reduce memory usage. Loaded Objects now: 2674.
Total: 1.884900 ms (FindLiveObjects: 0.192300 ms CreateObjectMapping: 0.050500 ms MarkObjects: 1.546000 ms  DeleteObjects: 0.095200 ms)

========================================================================
Received Prepare
Registering precompiled user dll's ...
Registered in 0.002995 seconds.
Begin MonoManager ReloadAssembly
Native extension for WindowsStandalone target not found
Refreshing native plugins compatible for Editor in 0.50 ms, found 3 plugins.
Preloading 0 native plugins for Editor in 0.00 ms.
Mono: successfully reloaded assembly
- Completed reload, in  0.778 seconds
Platform modules already initialized, skipping
Refreshing native plugins compatible for Editor in 0.49 ms, found 3 plugins.
Preloading 0 native plugins for Editor in 0.00 ms.
Unloading 2116 Unused Serialized files (Serialized files now loaded: 0)
System memory in use before: 98.0 MB.
System memory in use after: 98.0 MB.

Unloading 21 unused Assets to reduce memory usage. Loaded Objects now: 2678.
Total: 2.265900 ms (FindLiveObjects: 0.215900 ms CreateObjectMapping: 0.048900 ms MarkObjects: 1.897700 ms  DeleteObjects: 0.101500 ms)

AssetImportWorkerClient::OnTransportError - code=2 error=End of file
